2024-10-02 16:20:55.212 [info] [main] Log level: Info
2024-10-02 16:20:55.212 [info] [main] Validating found git in: "git"
2024-10-02 16:20:55.212 [info] [main] Using git "2.39.5" from "git"
2024-10-02 16:20:55.212 [info] [Model][doInitialScan] Initial repository scan started
2024-10-02 16:20:55.212 [info] > git rev-parse --show-toplevel [10ms]
2024-10-02 16:20:55.215 [info] > git rev-parse --git-dir --git-common-dir [4ms]
2024-10-02 16:20:55.237 [info] [Model][openRepository] Opened repository: /home/broninx/lip
2024-10-02 16:20:55.275 [info] > git config --get commit.template [20ms]
2024-10-02 16:20:55.284 [info] > git rev-parse --show-toplevel [12ms]
2024-10-02 16:20:55.351 [info] > git rev-parse --show-toplevel [10ms]
2024-10-02 16:20:55.352 [info] > git for-each-ref --format=%(refname)%00%(upstream:short)%00%(objectname)%00%(upstream:track)%00%(upstream:remotename)%00%(upstream:remoteref) refs/heads/main refs/remotes/main [25ms]
2024-10-02 16:20:55.377 [warning] [Git][revParse] Unable to read file: ENOENT: no such file or directory, open '/home/broninx/lip/.git/refs/remotes/origin/main'
2024-10-02 16:20:55.379 [info] > git rev-parse --show-toplevel [14ms]
2024-10-02 16:20:55.397 [info] > git rev-parse refs/remotes/origin/main [19ms]
2024-10-02 16:20:55.417 [info] > git rev-parse --show-toplevel [22ms]
2024-10-02 16:20:55.535 [info] > git status -z -uall [122ms]
2024-10-02 16:20:55.535 [info] > git rev-parse --show-toplevel [82ms]
2024-10-02 16:20:55.602 [info] > git for-each-ref --format=%(refname)%00%(upstream:short)%00%(objectname)%00%(upstream:track)%00%(upstream:remotename)%00%(upstream:remoteref) refs/heads/main refs/remotes/main [49ms]
2024-10-02 16:20:55.636 [info] > git config --local branch.main.vscode-merge-base [22ms]
2024-10-02 16:20:55.652 [info] > git config --get commit.template [50ms]
2024-10-02 16:20:55.652 [info] > git rev-parse --show-toplevel [68ms]
2024-10-02 16:20:55.673 [info] > git for-each-ref --format=%(refname)%00%(upstream:short)%00%(objectname)%00%(upstream:track)%00%(upstream:remotename)%00%(upstream:remoteref) refs/heads/origin/main refs/remotes/origin/main [22ms]
2024-10-02 16:20:55.708 [info] > git rev-parse --show-toplevel [37ms]
2024-10-02 16:20:55.710 [info] [Model][doInitialScan] Initial repository scan completed - repositories (1), closed repositories (0), parent repositories (0), unsafe repositories (0)
2024-10-02 16:20:55.713 [info] > git for-each-ref --format=%(refname)%00%(upstream:short)%00%(objectname)%00%(upstream:track)%00%(upstream:remotename)%00%(upstream:remoteref) refs/heads/main refs/remotes/main [9ms]
2024-10-02 16:20:55.714 [info] > git merge-base refs/heads/main refs/remotes/origin/main [23ms]
2024-10-02 16:20:55.745 [warning] [Git][revParse] Unable to read file: ENOENT: no such file or directory, open '/home/broninx/lip/.git/refs/remotes/origin/main'
2024-10-02 16:20:55.748 [info] > git rev-list --count --left-right refs/heads/main...refs/remotes/origin/main [19ms]
2024-10-02 16:20:55.770 [info] > git diff --name-status -z --diff-filter=ADMR ca9799cea93584448c0b84fc71d48601f40f0b74...refs/remotes/origin/main [6ms]
2024-10-02 16:20:55.772 [info] > git rev-parse refs/remotes/origin/main [28ms]
2024-10-02 16:20:55.823 [info] > git status -z -uall [35ms]
2024-10-02 16:20:55.996 [info] > git for-each-ref --format=%(refname)%00%(upstream:short)%00%(objectname)%00%(upstream:track)%00%(upstream:remotename)%00%(upstream:remoteref) refs/heads/main refs/remotes/main [155ms]
2024-10-02 16:20:56.137 [info] > git check-ignore -v -z --stdin [105ms]
2024-10-02 16:20:56.141 [info] > git config --local branch.main.vscode-merge-base [125ms]
2024-10-02 16:20:56.198 [info] > git for-each-ref --format=%(refname)%00%(upstream:short)%00%(objectname)%00%(upstream:track)%00%(upstream:remotename)%00%(upstream:remoteref) refs/heads/origin/main refs/remotes/origin/main [42ms]
2024-10-02 16:20:56.689 [info] > git show --textconv :README.md [15ms]
2024-10-02 16:20:56.692 [info] > git ls-files --stage -- /home/broninx/lip/README.md [4ms]
2024-10-02 16:20:56.715 [info] > git cat-file -s 06eeacc3aaa1508ed48a08b0eb0c650f8222a10c [11ms]
