2024-10-02 15:38:47.851 [info] Added views:workbench.panel.markers.view in workbench.panel.markers
2024-10-02 15:38:47.851 [info] Added views:workbench.panel.output in workbench.panel.output
2024-10-02 15:38:47.851 [info] Added views:terminal in terminal
2024-10-02 15:38:47.851 [info] Added views:outline in workbench.view.explorer
2024-10-02 15:38:47.851 [info] Added views:workbench.scm in workbench.view.scm
2024-10-02 15:38:47.852 [info] Added views:workbench.view.search in workbench.view.search
2024-10-02 15:38:47.852 [info] Added views:timeline in workbench.view.explorer
2024-10-02 15:38:47.852 [info] Added views:workbench.explorer.fileView in workbench.view.explorer
2024-10-02 15:38:49.102 [info] Added views:workbench.debug.variablesView,workbench.debug.watchExpressionsView,workbench.debug.callStackView,workbench.debug.breakPointsView in workbench.view.debug
2024-10-02 15:38:49.301 [info] Added views:workbench.panel.repl.view in workbench.panel.repl
2024-10-02 15:38:49.305 [info] Removed views:workbench.debug.breakPointsView,workbench.debug.callStackView,workbench.debug.watchExpressionsView,workbench.debug.variablesView from workbench.view.debug
2024-10-02 15:38:49.310 [info] Added views:workbench.debug.welcome in workbench.view.debug
2024-10-02 15:38:49.777 [info] Added views:~remote.forwardedPorts in ~remote.forwardedPortsContainer
2024-10-02 15:38:52.676 [info] Added views:workbench.scm.history in workbench.view.scm
2024-10-02 15:39:04.312 [info] Added views:workbench.views.extensions.installed,workbench.views.extensions.popular,extensions.recommendedList in workbench.view.extensions
2024-10-02 15:39:04.316 [info] Removed views:workbench.views.extensions.popular from workbench.view.extensions
2024-10-02 15:39:04.888 [info] Added views:workbench.views.extensions.popular in workbench.view.extensions
2024-10-02 15:39:05.137 [info] Removed views:extensions.recommendedList,workbench.views.extensions.popular,workbench.views.extensions.installed from workbench.view.extensions
2024-10-02 15:39:05.163 [info] Added views:workbench.views.extensions.workspaceRecommendations,workbench.views.extensions.otherRecommendations in workbench.view.extensions
2024-10-02 15:39:10.621 [info] Added views:targetsContainers,devVolumes in workbench.view.remote
2024-10-02 16:20:36.279 [info] Removed views:workbench.scm.history from workbench.view.scm
