Nudged types: Sessions, Device Info
Refresh requested types: Bookmarks, Preferences, Passwords, Autofill Profiles, Autofill, Typed URLs, Extensions, Sessions, Extension settings, History Delete Directives, Device Info, User Consents, Send Tab To Self, Web Apps, Collection, Edge E Drop, Edge Hub App Usage, Edge Tab Group, Edge Wallet, Encryption Keys}
{"logTime": "1006/143911", "correlationVector":"XBoCspP+8Hn95vYe2Jy1WL.1","action":"SyncServerConnectionManagerRequest", "result":"SYNC_SERVER_OK", "context":{"environment":"Prod_WestEurope_000l", "migrationStage":"NotStarted", "server":"GENERAL01000017"}}
{"logTime": "1006/143911", "correlationVector":"XBoCspP+8Hn95vYe2Jy1WL.2","action":"GetUpdates", "result":"DeleteReceived", "context":{"id":"9deefa45-f8a3-4456-a2e0-3c60fbfe0d2d", "isDeleted:":"true", "version":"1728199048287"}}
{"logTime": "1006/143911", "correlationVector":"XBoCspP+8Hn95vYe2Jy1WL.3","action":"GetUpdates", "result":"DeleteReceived", "context":{"id":"caa97802-3831-4518-8267-ecb8c629290d", "isDeleted:":"true", "version":"1728199048289"}}
{"logTime": "1006/143911", "correlationVector":"XBoCspP+8Hn95vYe2Jy1WL.4","action":"GetUpdates", "result":"DeleteReceived", "context":{"id":"e71215d0-cff0-4755-afb4-c3dd4e6044ed", "isDeleted:":"true", "version":"1728204775749"}}
{"logTime": "1006/143911", "correlationVector":"XBoCspP+8Hn95vYe2Jy1WL.5","action":"GetUpdates", "result":"DeleteReceived", "context":{"id":"56b75117-7b99-43e0-8409-055620edd71a", "isDeleted:":"true", "version":"1728204775750"}}
{"logTime": "1006/143911", "correlationVector":"XBoCspP+8Hn95vYe2Jy1WL.6","action":"GetUpdates", "result":"DeleteReceived", "context":{"id":"247ddc71-8e45-4b94-b1b4-2c5bf76b8b0b", "isDeleted:":"true", "version":"1728204775751"}}
{"logTime": "1006/143911", "correlationVector":"XBoCspP+8Hn95vYe2Jy1WL.7","action":"GetUpdates", "result":"DeleteReceived", "context":{"id":"13eb8eb1-eacd-4291-bd58-2f1e4b6ccf18", "isDeleted:":"true", "version":"1728204775752"}}
{"logTime": "1006/143911", "correlationVector":"XBoCspP+8Hn95vYe2Jy1WL.8","action":"GetUpdates", "result":"DeleteReceived", "context":{"id":"69427faa-7b0a-4f1f-a0be-eba9515457ba", "isDeleted:":"true", "version":"1728204775754"}}
{"logTime": "1006/143911", "correlationVector":"XBoCspP+8Hn95vYe2Jy1WL.9","action":"GetUpdates", "result":"DeleteReceived", "context":{"id":"fef6f073-0bb3-4cbc-bac9-51b0872e1cfa", "isDeleted:":"true", "version":"1728213536870"}}
{"logTime": "1006/143911", "correlationVector":"XBoCspP+8Hn95vYe2Jy1WL.10","action":"GetUpdates", "result":"DeleteReceived", "context":{"id":"7284e763-92c3-49b6-92f8-f06a7fc228b2", "isDeleted:":"true", "version":"1728213536871"}}
{"logTime": "1006/143911", "correlationVector":"XBoCspP+8Hn95vYe2Jy1WL.11","action":"GetUpdates", "result":"DeleteReceived", "context":{"id":"84944b75-9230-4ebc-afe2-4e9358185117", "isDeleted:":"true", "version":"1728214834938"}}
{"logTime": "1006/143911", "correlationVector":"XBoCspP+8Hn95vYe2Jy1WL.12","action":"GetUpdates", "result":"DeleteReceived", "context":{"id":"39d2123e-62c8-4f6a-8001-a70bd7fb23cb", "isDeleted:":"true", "version":"1728214834939"}}
{"logTime": "1006/143911", "correlationVector":"XBoCspP+8Hn95vYe2Jy1WL.13","action":"GetUpdates", "result":"DeleteReceived", "context":{"id":"2e2e911b-1d87-4f0a-a9f2-206b5c7035ed", "isDeleted:":"true", "version":"1728214834940"}}
{"logTime": "1006/143911", "correlationVector":"XBoCspP+8Hn95vYe2Jy1WL.14","action":"GetUpdates", "result":"DeleteReceived", "context":{"id":"549ca781-fab8-453d-8edd-7ee0d00f5d55", "isDeleted:":"true", "version":"1728214834941"}}
{"logTime": "1006/143911", "correlationVector":"XBoCspP+8Hn95vYe2Jy1WL.15","action":"GetUpdates", "result":"DeleteReceived", "context":{"id":"3df657ea-b4ba-4dfc-8675-96ba2f6a3832", "isDeleted:":"true", "version":"1728214834942"}}
{"logTime": "1006/143911", "correlationVector":"XBoCspP+8Hn95vYe2Jy1WL.16","action":"GetUpdates", "result":"DeleteReceived", "context":{"id":"d010da41-3d79-46b0-b6fe-4d5c07c365b6", "isDeleted:":"true", "version":"1728214834943"}}
{"logTime": "1006/143911", "correlationVector":"XBoCspP+8Hn95vYe2Jy1WL.17","action":"GetUpdates", "result":"DeleteReceived", "context":{"id":"d4d1dec6-49de-4aa7-9f23-1d83781331f8", "isDeleted:":"true", "version":"1728214834944"}}
{"logTime": "1006/143911", "correlationVector":"XBoCspP+8Hn95vYe2Jy1WL.18","action":"GetUpdates", "result":"DeleteReceived", "context":{"id":"a8bf5a51-6f4e-4f6f-8e73-550e468ca91a", "isDeleted:":"true", "version":"1728214834946"}}
{"logTime": "1006/143911", "correlationVector":"XBoCspP+8Hn95vYe2Jy1WL.19","action":"GetUpdates", "result":"DeleteReceived", "context":{"id":"ad9dd140-53c7-4a9a-8de6-e4e29cc4b76d", "isDeleted:":"true", "version":"1728214834948"}}
{"logTime": "1006/143911", "correlationVector":"XBoCspP+8Hn95vYe2Jy1WL.20","action":"GetUpdates", "result":"DeleteReceived", "context":{"id":"6ba772db-35e8-4ff4-9441-9ef103dd785d", "isDeleted:":"true", "version":"1728214865481"}}
{"logTime": "1006/143911", "correlationVector":"XBoCspP+8Hn95vYe2Jy1WL.21","action":"GetUpdates Response", "result":"Success", "context":Received 38 update(s). cV=XBoCspP+8Hn95vYe2Jy1WL.0;server=GENERAL01000017;cloudType=Consumer;environment=Prod_WestEurope_000l;migrationStage=NotStarted}
{"logTime": "1006/143911", "correlationVector":"l7iQ9f4WrwyLEcDrdxxYqd","action":"Commit Request", "result":"", "context":Item count: 8
Contributing types: Sessions, Device Info}
{"logTime": "1006/143911", "correlationVector":"l7iQ9f4WrwyLEcDrdxxYqd.1","action":"SyncServerConnectionManagerRequest", "result":"SYNC_SERVER_OK", "context":{"environment":"Prod_WestEurope_000l", "migrationStage":"NotStarted", "server":"GENERAL0100000N"}}
{"logTime": "1006/143911", "correlationVector":"l7iQ9f4WrwyLEcDrdxxYqd.3","action":"Commit.Sessions", "result":"Success", "context":{"id":"0e7b8319-edb2-48fe-8171-60614020bd2b", "isDeleted":"true", "size":"0", "version":"1728124163589"}}
{"logTime": "1006/143911", "correlationVector":"l7iQ9f4WrwyLEcDrdxxYqd.4","action":"Commit.Sessions", "result":"Success", "context":{"id":"729631ed-36c0-47e3-8f83-de5467e75d10", "isDeleted":"true", "size":"0", "version":"1728123994553"}}
{"logTime": "1006/143911", "correlationVector":"l7iQ9f4WrwyLEcDrdxxYqd.5","action":"Commit.Sessions", "result":"Success", "context":{"id":"ace7d966-2904-4c6c-bba5-ce2cd209fb26", "isDeleted":"true", "size":"0", "version":"1728124163590"}}
{"logTime": "1006/143911", "correlationVector":"l7iQ9f4WrwyLEcDrdxxYqd.6","action":"Commit.Sessions", "result":"Success", "context":{"id":"8818d8d9-12a3-4e7e-97f2-596e21142cd5", "isDeleted":"true", "size":"0", "version":"1728123851987"}}
{"logTime": "1006/143911", "correlationVector":"l7iQ9f4WrwyLEcDrdxxYqd.7","action":"Commit.Sessions", "result":"Success", "context":{"id":"851aa1a3-f585-428c-b1f5-a867dffbde0c", "isDeleted":"true", "size":"0", "version":"1728124613117"}}
{"logTime": "1006/143911", "correlationVector":"l7iQ9f4WrwyLEcDrdxxYqd.8","action":"Commit.Sessions", "result":"Success", "context":{"id":"9e413445-77dd-4c7e-9ec6-f0fcc9765b14", "isDeleted":"true", "size":"0", "version":"1728123851990"}}
{"logTime": "1006/143911", "correlationVector":"l7iQ9f4WrwyLEcDrdxxYqd.2","action":"Commit Response", "result":"Success", "context":Result: Success. cV=l7iQ9f4WrwyLEcDrdxxYqd.0;server=GENERAL0100000N;cloudType=Consumer;environment=Prod_WestEurope_000l;migrationStage=NotStarted}
{"logTime": "1006/143912", "correlationVector":"Q3MiXKG0ULJfSg+s4t1QTU","action":"SyncServerConnectionManagerRequest", "result":"SYNC_SERVER_OK", "context":{"environment":"", "migrationStage":"", "server":""}}
{"logTime": "1006/143912", "correlationVector":"1mfOTfYpuQJ/6shfyYx05h","action":"Commit Request", "result":"", "context":Item count: 1
Contributing types: Preferences}
{"logTime": "1006/143912", "correlationVector":"1mfOTfYpuQJ/6shfyYx05h.1","action":"SyncServerConnectionManagerRequest", "result":"SYNC_SERVER_OK", "context":{"environment":"Prod_WestEurope_000l", "migrationStage":"NotStarted", "server":"GENERAL01000008"}}
{"logTime": "1006/143912", "correlationVector":"1mfOTfYpuQJ/6shfyYx05h.2","action":"Commit Response", "result":"Success", "context":Result: Success. cV=1mfOTfYpuQJ/6shfyYx05h.0;server=GENERAL01000008;cloudType=Consumer;environment=Prod_WestEurope_000l;migrationStage=NotStarted}
{"logTime": "1006/143912", "correlationVector":"KCEleVCSmP/a07OCyjPSIp","action":"Commit Request", "result":"", "context":Item count: 2
Contributing types: Sessions}
{"logTime": "1006/143913", "correlationVector":"KCEleVCSmP/a07OCyjPSIp.1","action":"SyncServerConnectionManagerRequest", "result":"SYNC_SERVER_OK", "context":{"environment":"Prod_WestEurope_000l", "migrationStage":"NotStarted", "server":"GENERAL0100000P"}}
{"logTime": "1006/143913", "correlationVector":"KCEleVCSmP/a07OCyjPSIp.2","action":"Commit Response", "result":"Success", "context":Result: Success. cV=KCEleVCSmP/a07OCyjPSIp.0;server=GENERAL0100000P;cloudType=Consumer;environment=Prod_WestEurope_000l;migrationStage=NotStarted}
{"logTime": "1006/143913", "correlationVector":"ANRDHNaZQRUQ5NmZ/EFLy2","action":"Poll GetUpdate request", "result":"", "context":cV=ANRDHNaZQRUQ5NmZ/EFLy2}
{"logTime": "1006/143913", "correlationVector":"ANRDHNaZQRUQ5NmZ/EFLy2.1","action":"SyncServerConnectionManagerRequest", "result":"SYNC_SERVER_OK", "context":{"environment":"Prod_WestEurope_000l", "migrationStage":"NotStarted", "server":"GENERAL0100001J"}}
{"logTime": "1006/143913", "correlationVector":"ANRDHNaZQRUQ5NmZ/EFLy2.2","action":"GetUpdates", "result":"DeleteReceived", "context":{"id":"0e7b8319-edb2-48fe-8171-60614020bd2b", "isDeleted:":"true", "version":"1728225551592"}}
{"logTime": "1006/143913", "correlationVector":"ANRDHNaZQRUQ5NmZ/EFLy2.3","action":"GetUpdates", "result":"DeleteReceived", "context":{"id":"729631ed-36c0-47e3-8f83-de5467e75d10", "isDeleted:":"true", "version":"1728225551593"}}
{"logTime": "1006/143913", "correlationVector":"ANRDHNaZQRUQ5NmZ/EFLy2.4","action":"GetUpdates", "result":"DeleteReceived", "context":{"id":"ace7d966-2904-4c6c-bba5-ce2cd209fb26", "isDeleted:":"true", "version":"1728225551594"}}
{"logTime": "1006/143913", "correlationVector":"ANRDHNaZQRUQ5NmZ/EFLy2.5","action":"GetUpdates", "result":"DeleteReceived", "context":{"id":"8818d8d9-12a3-4e7e-97f2-596e21142cd5", "isDeleted:":"true", "version":"1728225551595"}}
{"logTime": "1006/143913", "correlationVector":"ANRDHNaZQRUQ5NmZ/EFLy2.6","action":"GetUpdates", "result":"DeleteReceived", "context":{"id":"851aa1a3-f585-428c-b1f5-a867dffbde0c", "isDeleted:":"true", "version":"1728225551596"}}
{"logTime": "1006/143913", "correlationVector":"ANRDHNaZQRUQ5NmZ/EFLy2.7","action":"GetUpdates", "result":"DeleteReceived", "context":{"id":"9e413445-77dd-4c7e-9ec6-f0fcc9765b14", "isDeleted:":"true", "version":"1728225551597"}}
{"logTime": "1006/143913", "correlationVector":"ANRDHNaZQRUQ5NmZ/EFLy2.8","action":"GetUpdates Response", "result":"Success", "context":Received 10 update(s). cV=ANRDHNaZQRUQ5NmZ/EFLy2.0;server=GENERAL0100001J;cloudType=Consumer;environment=Prod_WestEurope_000l;migrationStage=NotStarted}
{"logTime": "1006/143918", "correlationVector":"45EcJeR4sNHfPajPgfh/Q+","action":"Commit Request", "result":"", "context":Item count: 2
Contributing types: Bookmarks, Sessions}
{"logTime": "1006/143918", "correlationVector":"45EcJeR4sNHfPajPgfh/Q+.1","action":"SyncServerConnectionManagerRequest", "result":"SYNC_SERVER_OK", "context":{"environment":"Prod_WestEurope_000l", "migrationStage":"NotStarted", "server":"GENERAL0100000O"}}
{"logTime": "1006/143918", "correlationVector":"45EcJeR4sNHfPajPgfh/Q+.2","action":"Commit Response", "result":"Success", "context":Result: Success. cV=45EcJeR4sNHfPajPgfh/Q+.0;server=GENERAL0100000O;cloudType=Consumer;environment=Prod_WestEurope_000l;migrationStage=NotStarted}
{"logTime": "1006/143925", "correlationVector":"R5OGKG72NcrHxOuPOIggO9","action":"Normal GetUpdate request", "result":"", "context":cV=R5OGKG72NcrHxOuPOIggO9
Notified types: Bookmarks, Typed URLs}
{"logTime": "1006/143926", "correlationVector":"R5OGKG72NcrHxOuPOIggO9.1","action":"SyncServerConnectionManagerRequest", "result":"SYNC_SERVER_OK", "context":{"environment":"Prod_WestEurope_000l", "migrationStage":"NotStarted", "server":"GENERAL0100000E"}}
{"logTime": "1006/143926", "correlationVector":"R5OGKG72NcrHxOuPOIggO9.2","action":"GetUpdates Response", "result":"Success", "context":Received 5 update(s). cV=R5OGKG72NcrHxOuPOIggO9.0;server=GENERAL0100000E;cloudType=Consumer;environment=Prod_WestEurope_000l;migrationStage=NotStarted}
{"logTime": "1006/143929", "correlationVector":"UDRuuB5uNOtJRsoNV1tEKu","action":"Normal GetUpdate request", "result":"", "context":cV=UDRuuB5uNOtJRsoNV1tEKu
Notified types: Passwords, Autofill, Typed URLs}
{"logTime": "1006/143929", "correlationVector":"UDRuuB5uNOtJRsoNV1tEKu.1","action":"SyncServerConnectionManagerRequest", "result":"SYNC_SERVER_OK", "context":{"environment":"Prod_WestEurope_000l", "migrationStage":"NotStarted", "server":"GENERAL01000012"}}
{"logTime": "1006/143929", "correlationVector":"UDRuuB5uNOtJRsoNV1tEKu.2","action":"GetUpdates Response", "result":"Success", "context":Received 4 update(s). cV=UDRuuB5uNOtJRsoNV1tEKu.0;server=GENERAL01000012;cloudType=Consumer;environment=Prod_WestEurope_000l;migrationStage=NotStarted}
{"logTime": "1006/143944", "correlationVector":"Gn7xaNQIGrsjIt20ApSnQr","action":"Normal GetUpdate request", "result":"", "context":cV=Gn7xaNQIGrsjIt20ApSnQr
Notified types: Preferences}
{"logTime": "1006/143944", "correlationVector":"Gn7xaNQIGrsjIt20ApSnQr.1","action":"SyncServerConnectionManagerRequest", "result":"SYNC_SERVER_OK", "context":{"environment":"Prod_WestEurope_000l", "migrationStage":"NotStarted", "server":"GENERAL0100000I"}}
{"logTime": "1006/143944", "correlationVector":"Gn7xaNQIGrsjIt20ApSnQr.2","action":"GetUpdates Response", "result":"Success", "context":Received 3 update(s). cV=Gn7xaNQIGrsjIt20ApSnQr.0;server=GENERAL0100000I;cloudType=Consumer;environment=Prod_WestEurope_000l;migrationStage=NotStarted}
{"logTime": "1006/144014", "correlationVector":"hC7UAM4Io2qB9noGN80Qes","action":"Commit Request", "result":"", "context":Item count: 1
Contributing types: Preferences}
{"logTime": "1006/144015", "correlationVector":"hC7UAM4Io2qB9noGN80Qes.1","action":"SyncServerConnectionManagerRequest", "result":"SYNC_SERVER_OK", "context":{"environment":"Prod_WestEurope_000l", "migrationStage":"NotStarted", "server":"GENERAL0100000P"}}
{"logTime": "1006/144015", "correlationVector":"hC7UAM4Io2qB9noGN80Qes.2","action":"Commit Response", "result":"Success", "context":Result: Success. cV=hC7UAM4Io2qB9noGN80Qes.0;server=GENERAL0100000P;cloudType=Consumer;environment=Prod_WestEurope_000l;migrationStage=NotStarted}
{"logTime": "1006/144126", "correlationVector":"5Jl2KRApLerYqvKGLO9D1l","action":"Commit Request", "result":"", "context":Item count: 1
Contributing types: Preferences}
{"logTime": "1006/144127", "correlationVector":"5Jl2KRApLerYqvKGLO9D1l.1","action":"SyncServerConnectionManagerRequest", "result":"SYNC_SERVER_OK", "context":{"environment":"Prod_WestEurope_000l", "migrationStage":"NotStarted", "server":"GENERAL0100001D"}}
{"logTime": "1006/144127", "correlationVector":"5Jl2KRApLerYqvKGLO9D1l.2","action":"Commit Response", "result":"Success", "context":Result: Success. cV=5Jl2KRApLerYqvKGLO9D1l.0;server=GENERAL0100001D;cloudType=Consumer;environment=Prod_WestEurope_000l;migrationStage=NotStarted}
{"logTime": "1006/144250", "correlationVector":"fNauWr1rzIHvZQjWJ1Y90d","action":"Commit Request", "result":"", "context":Item count: 2
Contributing types: Sessions}
{"logTime": "1006/144250", "correlationVector":"fNauWr1rzIHvZQjWJ1Y90d.1","action":"SyncServerConnectionManagerRequest", "result":"SYNC_SERVER_OK", "context":{"environment":"Prod_WestEurope_000l", "migrationStage":"NotStarted", "server":"GENERAL0100000L"}}
{"logTime": "1006/144250", "correlationVector":"fNauWr1rzIHvZQjWJ1Y90d.2","action":"Commit Response", "result":"Success", "context":Result: Success. cV=fNauWr1rzIHvZQjWJ1Y90d.0;server=GENERAL0100000L;cloudType=Consumer;environment=Prod_WestEurope_000l;migrationStage=NotStarted}
{"logTime": "1006/144354", "correlationVector":"kE6ADw5KCKMFV5+Um2s7RY","action":"Commit Request", "result":"", "context":Item count: 1
Contributing types: Preferences}
{"logTime": "1006/144354", "correlationVector":"kE6ADw5KCKMFV5+Um2s7RY.1","action":"SyncServerConnectionManagerRequest", "result":"SYNC_SERVER_OK", "context":{"environment":"Prod_WestEurope_000l", "migrationStage":"NotStarted", "server":"GENERAL0100000S"}}
{"logTime": "1006/144354", "correlationVector":"kE6ADw5KCKMFV5+Um2s7RY.2","action":"Commit Response", "result":"Success", "context":Result: Success. cV=kE6ADw5KCKMFV5+Um2s7RY.0;server=GENERAL0100000S;cloudType=Consumer;environment=Prod_WestEurope_000l;migrationStage=NotStarted}
{"logTime": "1006/144411", "correlationVector":"K/CiuQfN2Tya+5b8xKvCkf","action":"Normal GetUpdate request", "result":"", "context":cV=K/CiuQfN2Tya+5b8xKvCkf
Nudged types: Sessions
Refresh requested types: Bookmarks, Preferences, Passwords, Autofill Profiles, Autofill, Typed URLs, Extensions, Sessions, Extension settings, History Delete Directives, Device Info, User Consents, Send Tab To Self, Web Apps, Collection, Edge E Drop, Edge Hub App Usage, Edge Tab Group, Edge Wallet, Encryption Keys}
{"logTime": "1006/144411", "correlationVector":"K/CiuQfN2Tya+5b8xKvCkf.1","action":"SyncServerConnectionManagerRequest", "result":"SYNC_SERVER_OK", "context":{"environment":"Prod_WestEurope_000l", "migrationStage":"NotStarted", "server":"GENERAL0100000S"}}
{"logTime": "1006/144411", "correlationVector":"K/CiuQfN2Tya+5b8xKvCkf.2","action":"GetUpdates", "result":"DeleteReceived", "context":{"id":"bea9b3f9-a50c-4faf-ab39-ad7c15ba497b", "isDeleted:":"true", "version":"1728225613660"}}
{"logTime": "1006/144411", "correlationVector":"K/CiuQfN2Tya+5b8xKvCkf.3","action":"GetUpdates Response", "result":"Success", "context":Received 8 update(s). cV=K/CiuQfN2Tya+5b8xKvCkf.0;server=GENERAL0100000S;cloudType=Consumer;environment=Prod_WestEurope_000l;migrationStage=NotStarted}
{"logTime": "1006/144411", "correlationVector":"AtWxKuqVCAmaFyTWiA6/Oh","action":"Commit Request", "result":"", "context":Item count: 2
Contributing types: Sessions}
{"logTime": "1006/144411", "correlationVector":"AtWxKuqVCAmaFyTWiA6/Oh.1","action":"SyncServerConnectionManagerRequest", "result":"SYNC_SERVER_OK", "context":{"environment":"Prod_WestEurope_000l", "migrationStage":"NotStarted", "server":"GENERAL0100001E"}}
{"logTime": "1006/144411", "correlationVector":"AtWxKuqVCAmaFyTWiA6/Oh.2","action":"Commit Response", "result":"Success", "context":Result: Success. cV=AtWxKuqVCAmaFyTWiA6/Oh.0;server=GENERAL0100001E;cloudType=Consumer;environment=Prod_WestEurope_000l;migrationStage=NotStarted}
{"logTime": "1006/144441", "correlationVector":"70+5IzQ2/YdgpFB9a/JpnK","action":"Commit Request", "result":"", "context":Item count: 1
Contributing types: Sessions}
{"logTime": "1006/144442", "correlationVector":"70+5IzQ2/YdgpFB9a/JpnK.1","action":"SyncServerConnectionManagerRequest", "result":"SYNC_SERVER_OK", "context":{"environment":"Prod_WestEurope_000l", "migrationStage":"NotStarted", "server":"GENERAL0100000R"}}
{"logTime": "1006/144442", "correlationVector":"70+5IzQ2/YdgpFB9a/JpnK.2","action":"Commit Response", "result":"Success", "context":Result: Success. cV=70+5IzQ2/YdgpFB9a/JpnK.0;server=GENERAL0100000R;cloudType=Consumer;environment=Prod_WestEurope_000l;migrationStage=NotStarted}
{"logTime": "1006/144513", "correlationVector":"yGTePTsfiWtE6bN3E3FHFI","action":"Commit Request", "result":"", "context":Item count: 1
Contributing types: Sessions}
{"logTime": "1006/144513", "correlationVector":"yGTePTsfiWtE6bN3E3FHFI.1","action":"SyncServerConnectionManagerRequest", "result":"SYNC_SERVER_OK", "context":{"environment":"Prod_WestEurope_000l", "migrationStage":"NotStarted", "server":"GENERAL0100000L"}}
{"logTime": "1006/144513", "correlationVector":"yGTePTsfiWtE6bN3E3FHFI.2","action":"Commit Response", "result":"Success", "context":Result: Success. cV=yGTePTsfiWtE6bN3E3FHFI.0;server=GENERAL0100000L;cloudType=Consumer;environment=Prod_WestEurope_000l;migrationStage=NotStarted}
{"logTime": "1006/144535", "correlationVector":"E6bJeKT6paBBUazfOvV5eK","action":"Commit Request", "result":"", "context":Item count: 2
Contributing types: Preferences, Sessions}
{"logTime": "1006/144535", "correlationVector":"E6bJeKT6paBBUazfOvV5eK.1","action":"SyncServerConnectionManagerRequest", "result":"SYNC_SERVER_OK", "context":{"environment":"Prod_WestEurope_000l", "migrationStage":"NotStarted", "server":"GENERAL0100000E"}}
{"logTime": "1006/144535", "correlationVector":"E6bJeKT6paBBUazfOvV5eK.2","action":"Commit Response", "result":"Success", "context":Result: Success. cV=E6bJeKT6paBBUazfOvV5eK.0;server=GENERAL0100000E;cloudType=Consumer;environment=Prod_WestEurope_000l;migrationStage=NotStarted}
{"logTime": "1006/144625", "correlationVector":"CMgww0+7Qo/txhhll8uv/i","action":"Commit Request", "result":"", "context":Item count: 2
Contributing types: Sessions}
{"logTime": "1006/144625", "correlationVector":"CMgww0+7Qo/txhhll8uv/i.1","action":"SyncServerConnectionManagerRequest", "result":"SYNC_SERVER_OK", "context":{"environment":"Prod_WestEurope_000l", "migrationStage":"NotStarted", "server":"GENERAL0100000S"}}
{"logTime": "1006/144625", "correlationVector":"CMgww0+7Qo/txhhll8uv/i.2","action":"Commit Response", "result":"Success", "context":Result: Success. cV=CMgww0+7Qo/txhhll8uv/i.0;server=GENERAL0100000S;cloudType=Consumer;environment=Prod_WestEurope_000l;migrationStage=NotStarted}
{"logTime": "1006/144956", "correlationVector":"sYV/Sko2IVN7crWN8t2lAr","action":"Commit Request", "result":"", "context":Item count: 1
Contributing types: Preferences}
{"logTime": "1006/144956", "correlationVector":"sYV/Sko2IVN7crWN8t2lAr.1","action":"SyncServerConnectionManagerRequest", "result":"SYNC_SERVER_OK", "context":{"environment":"Prod_WestEurope_000l", "migrationStage":"NotStarted", "server":"GENERAL0100001B"}}
{"logTime": "1006/144956", "correlationVector":"sYV/Sko2IVN7crWN8t2lAr.2","action":"Commit Response", "result":"Success", "context":Result: Success. cV=sYV/Sko2IVN7crWN8t2lAr.0;server=GENERAL0100001B;cloudType=Consumer;environment=Prod_WestEurope_000l;migrationStage=NotStarted}
{"logTime": "1006/145033", "correlationVector":"q+YKjSXh989fVw5VN+por5","action":"Commit Request", "result":"", "context":Item count: 3
Contributing types: Sessions}
{"logTime": "1006/145033", "correlationVector":"q+YKjSXh989fVw5VN+por5.1","action":"SyncServerConnectionManagerRequest", "result":"SYNC_SERVER_OK", "context":{"environment":"Prod_WestEurope_000l", "migrationStage":"NotStarted", "server":"GENERAL01000000"}}
{"logTime": "1006/145033", "correlationVector":"q+YKjSXh989fVw5VN+por5.2","action":"Commit Response", "result":"Success", "context":Result: Success. cV=q+YKjSXh989fVw5VN+por5.0;server=GENERAL01000000;cloudType=Consumer;environment=Prod_WestEurope_000l;migrationStage=NotStarted}
{"logTime": "1006/145113", "correlationVector":"huyg+U8CT3Fhuur4D/nWVD","action":"Commit Request", "result":"", "context":Item count: 2
Contributing types: Preferences, Sessions}
{"logTime": "1006/145113", "correlationVector":"huyg+U8CT3Fhuur4D/nWVD.1","action":"SyncServerConnectionManagerRequest", "result":"SYNC_SERVER_OK", "context":{"environment":"Prod_WestEurope_000l", "migrationStage":"NotStarted", "server":"GENERAL0100000B"}}
{"logTime": "1006/145113", "correlationVector":"huyg+U8CT3Fhuur4D/nWVD.2","action":"Commit Response", "result":"Success", "context":Result: Success. cV=huyg+U8CT3Fhuur4D/nWVD.0;server=GENERAL0100000B;cloudType=Consumer;environment=Prod_WestEurope_000l;migrationStage=NotStarted}
{"logTime": "1006/145307", "correlationVector":"30JJe3yz7NQMEjBBB1e/zS","action":"Commit Request", "result":"", "context":Item count: 2
Contributing types: Preferences, Sessions}
{"logTime": "1006/145308", "correlationVector":"30JJe3yz7NQMEjBBB1e/zS.1","action":"SyncServerConnectionManagerRequest", "result":"SYNC_SERVER_OK", "context":{"environment":"Prod_WestEurope_000l", "migrationStage":"NotStarted", "server":"GENERAL0100001H"}}
{"logTime": "1006/145308", "correlationVector":"30JJe3yz7NQMEjBBB1e/zS.2","action":"Commit Response", "result":"Success", "context":Result: Success. cV=30JJe3yz7NQMEjBBB1e/zS.0;server=GENERAL0100001H;cloudType=Consumer;environment=Prod_WestEurope_000l;migrationStage=NotStarted}
{"logTime": "1006/145539", "correlationVector":"jhbhx2v4hAmcj7po4XL+oO","action":"Commit Request", "result":"", "context":Item count: 2
Contributing types: Sessions}
{"logTime": "1006/145539", "correlationVector":"jhbhx2v4hAmcj7po4XL+oO.1","action":"SyncServerConnectionManagerRequest", "result":"SYNC_SERVER_OK", "context":{"environment":"Prod_WestEurope_000l", "migrationStage":"NotStarted", "server":"GENERAL0100001B"}}
{"logTime": "1006/145539", "correlationVector":"jhbhx2v4hAmcj7po4XL+oO.2","action":"Commit Response", "result":"Success", "context":Result: Success. cV=jhbhx2v4hAmcj7po4XL+oO.0;server=GENERAL0100001B;cloudType=Consumer;environment=Prod_WestEurope_000l;migrationStage=NotStarted}
{"logTime": "1006/145642", "correlationVector":"zMs7dY3qFey8mfAEPEEJcZ","action":"Commit Request", "result":"", "context":Item count: 1
Contributing types: Sessions}
{"logTime": "1006/145642", "correlationVector":"zMs7dY3qFey8mfAEPEEJcZ.1","action":"SyncServerConnectionManagerRequest", "result":"SYNC_SERVER_OK", "context":{"environment":"Prod_WestEurope_000l", "migrationStage":"NotStarted", "server":"GENERAL01000008"}}
{"logTime": "1006/145642", "correlationVector":"zMs7dY3qFey8mfAEPEEJcZ.2","action":"Commit Response", "result":"Success", "context":Result: Success. cV=zMs7dY3qFey8mfAEPEEJcZ.0;server=GENERAL01000008;cloudType=Consumer;environment=Prod_WestEurope_000l;migrationStage=NotStarted}
{"logTime": "1006/145712", "correlationVector":"72RRrNYC+8DNl8E9n2q6SP","action":"Commit Request", "result":"", "context":Item count: 1
Contributing types: Sessions}
{"logTime": "1006/145713", "correlationVector":"72RRrNYC+8DNl8E9n2q6SP.1","action":"SyncServerConnectionManagerRequest", "result":"SYNC_SERVER_OK", "context":{"environment":"Prod_WestEurope_000l", "migrationStage":"NotStarted", "server":"GENERAL01000008"}}
{"logTime": "1006/145713", "correlationVector":"72RRrNYC+8DNl8E9n2q6SP.2","action":"Commit Response", "result":"Success", "context":Result: Success. cV=72RRrNYC+8DNl8E9n2q6SP.0;server=GENERAL01000008;cloudType=Consumer;environment=Prod_WestEurope_000l;migrationStage=NotStarted}
{"logTime": "1006/145741", "correlationVector":"7kSHZOxA7MtvgQjHDiehT2","action":"Commit Request", "result":"", "context":Item count: 2
Contributing types: Passwords, Sessions}
{"logTime": "1006/145741", "correlationVector":"7kSHZOxA7MtvgQjHDiehT2.1","action":"SyncServerConnectionManagerRequest", "result":"SYNC_SERVER_OK", "context":{"environment":"Prod_WestEurope_000l", "migrationStage":"NotStarted", "server":"GENERAL0100000S"}}
{"logTime": "1006/145741", "correlationVector":"7kSHZOxA7MtvgQjHDiehT2.2","action":"Commit Response", "result":"Success", "context":Result: Success. cV=7kSHZOxA7MtvgQjHDiehT2.0;server=GENERAL0100000S;cloudType=Consumer;environment=Prod_WestEurope_000l;migrationStage=NotStarted}
{"logTime": "1006/145857", "correlationVector":"O43guaAEZNFgWZykMWs3XE","action":"Commit Request", "result":"", "context":Item count: 4
Contributing types: Sessions}
{"logTime": "1006/145858", "correlationVector":"O43guaAEZNFgWZykMWs3XE.1","action":"SyncServerConnectionManagerRequest", "result":"SYNC_SERVER_OK", "context":{"environment":"Prod_WestEurope_000l", "migrationStage":"NotStarted", "server":"GENERAL0100001G"}}
{"logTime": "1006/145858", "correlationVector":"O43guaAEZNFgWZykMWs3XE.2","action":"Commit Response", "result":"Success", "context":Result: Success. cV=O43guaAEZNFgWZykMWs3XE.0;server=GENERAL0100001G;cloudType=Consumer;environment=Prod_WestEurope_000l;migrationStage=NotStarted}
{"logTime": "1006/150001", "correlationVector":"ZICwMym+sYDwBBmUG83Yxn","action":"Commit Request", "result":"", "context":Item count: 2
Contributing types: Autofill, Sessions}
{"logTime": "1006/150001", "correlationVector":"ZICwMym+sYDwBBmUG83Yxn.1","action":"SyncServerConnectionManagerRequest", "result":"SYNC_SERVER_OK", "context":{"environment":"Prod_WestEurope_000l", "migrationStage":"NotStarted", "server":"GENERAL0100001E"}}
{"logTime": "1006/150001", "correlationVector":"ZICwMym+sYDwBBmUG83Yxn.2","action":"Commit Response", "result":"Success", "context":Result: Success. cV=ZICwMym+sYDwBBmUG83Yxn.0;server=GENERAL0100001E;cloudType=Consumer;environment=Prod_WestEurope_000l;migrationStage=NotStarted}
{"logTime": "1006/150031", "correlationVector":"76Ail4gfz4KEkeZ+O6wW0o","action":"Commit Request", "result":"", "context":Item count: 1
Contributing types: Sessions}
{"logTime": "1006/150032", "correlationVector":"76Ail4gfz4KEkeZ+O6wW0o.1","action":"SyncServerConnectionManagerRequest", "result":"SYNC_SERVER_OK", "context":{"environment":"Prod_WestEurope_000l", "migrationStage":"NotStarted", "server":"GENERAL0100000W"}}
{"logTime": "1006/150032", "correlationVector":"76Ail4gfz4KEkeZ+O6wW0o.2","action":"Commit Response", "result":"Success", "context":Result: Success. cV=76Ail4gfz4KEkeZ+O6wW0o.0;server=GENERAL0100000W;cloudType=Consumer;environment=Prod_WestEurope_000l;migrationStage=NotStarted}
{"logTime": "1006/150222", "correlationVector":"DGZD7KevROup7OrxE4Cppm","action":"Commit Request", "result":"", "context":Item count: 1
Contributing types: Sessions}
{"logTime": "1006/150223", "correlationVector":"DGZD7KevROup7OrxE4Cppm.1","action":"SyncServerConnectionManagerRequest", "result":"SYNC_SERVER_OK", "context":{"environment":"Prod_WestEurope_000l", "migrationStage":"NotStarted", "server":"GENERAL0100001J"}}
{"logTime": "1006/150223", "correlationVector":"DGZD7KevROup7OrxE4Cppm.2","action":"Commit Response", "result":"Success", "context":Result: Success. cV=DGZD7KevROup7OrxE4Cppm.0;server=GENERAL0100001J;cloudType=Consumer;environment=Prod_WestEurope_000l;migrationStage=NotStarted}
{"logTime": "1006/152321", "correlationVector":"cSXrfaUbCmqr3DlEbK1Yvo","action":"Commit Request", "result":"", "context":Item count: 1
Contributing types: Sessions}
{"logTime": "1006/152321", "correlationVector":"cSXrfaUbCmqr3DlEbK1Yvo.1","action":"SyncServerConnectionManagerRequest", "result":"SYNC_SERVER_OK", "context":{"environment":"Prod_WestEurope_000l", "migrationStage":"NotStarted", "server":"GENERAL01000011"}}
{"logTime": "1006/152321", "correlationVector":"cSXrfaUbCmqr3DlEbK1Yvo.2","action":"Commit Response", "result":"Success", "context":Result: Success. cV=cSXrfaUbCmqr3DlEbK1Yvo.0;server=GENERAL01000011;cloudType=Consumer;environment=Prod_WestEurope_000l;migrationStage=NotStarted}
{"logTime": "1006/153716", "correlationVector":"SjfIYe6jSxTUduBgKkq4v7","action":"Commit Request", "result":"", "context":Item count: 1
Contributing types: Sessions}
{"logTime": "1006/153717", "correlationVector":"SjfIYe6jSxTUduBgKkq4v7.1","action":"SyncServerConnectionManagerRequest", "result":"SYNC_SERVER_OK", "context":{"environment":"Prod_WestEurope_000l", "migrationStage":"NotStarted", "server":"GENERAL01000015"}}
{"logTime": "1006/153717", "correlationVector":"SjfIYe6jSxTUduBgKkq4v7.2","action":"Commit Response", "result":"Success", "context":Result: Success. cV=SjfIYe6jSxTUduBgKkq4v7.0;server=GENERAL01000015;cloudType=Consumer;environment=Prod_WestEurope_000l;migrationStage=NotStarted}
{"logTime": "1006/153901", "correlationVector":"DXuEkxksSAH4MaPTOgRjSI","action":"Commit Request", "result":"", "context":Item count: 1
Contributing types: Sessions}
{"logTime": "1006/153902", "correlationVector":"DXuEkxksSAH4MaPTOgRjSI.1","action":"SyncServerConnectionManagerRequest", "result":"SYNC_SERVER_OK", "context":{"environment":"Prod_WestEurope_000l", "migrationStage":"NotStarted", "server":"GENERAL01000005"}}
{"logTime": "1006/153902", "correlationVector":"DXuEkxksSAH4MaPTOgRjSI.2","action":"Commit Response", "result":"Success", "context":Result: Success. cV=DXuEkxksSAH4MaPTOgRjSI.0;server=GENERAL01000005;cloudType=Consumer;environment=Prod_WestEurope_000l;migrationStage=NotStarted}
{"logTime": "1006/153950", "correlationVector":"vxy+ypnZdjVz2EejXIVjQ9","action":"Commit Request", "result":"", "context":Item count: 1
Contributing types: Sessions}
{"logTime": "1006/153950", "correlationVector":"vxy+ypnZdjVz2EejXIVjQ9.1","action":"SyncServerConnectionManagerRequest", "result":"SYNC_SERVER_OK", "context":{"environment":"Prod_WestEurope_000l", "migrationStage":"NotStarted", "server":"GENERAL0100001G"}}
{"logTime": "1006/153950", "correlationVector":"vxy+ypnZdjVz2EejXIVjQ9.2","action":"Commit Response", "result":"Success", "context":Result: Success. cV=vxy+ypnZdjVz2EejXIVjQ9.0;server=GENERAL0100001G;cloudType=Consumer;environment=Prod_WestEurope_000l;migrationStage=NotStarted}
{"logTime": "1006/154026", "correlationVector":"XhXWMG/V1Q1PpIHqHXAMvV","action":"Commit Request", "result":"", "context":Item count: 1
Contributing types: Sessions}
{"logTime": "1006/154027", "correlationVector":"XhXWMG/V1Q1PpIHqHXAMvV.1","action":"SyncServerConnectionManagerRequest", "result":"SYNC_SERVER_OK", "context":{"environment":"Prod_WestEurope_000l", "migrationStage":"NotStarted", "server":"GENERAL0100001A"}}
{"logTime": "1006/154027", "correlationVector":"XhXWMG/V1Q1PpIHqHXAMvV.2","action":"Commit Response", "result":"Success", "context":Result: Success. cV=XhXWMG/V1Q1PpIHqHXAMvV.0;server=GENERAL0100001A;cloudType=Consumer;environment=Prod_WestEurope_000l;migrationStage=NotStarted}
{"logTime": "1006/154059", "correlationVector":"JtwWv8s61wOF8iTg2U9kx+","action":"Commit Request", "result":"", "context":Item count: 1
Contributing types: Sessions}
{"logTime": "1006/154059", "correlationVector":"JtwWv8s61wOF8iTg2U9kx+.1","action":"SyncServerConnectionManagerRequest", "result":"SYNC_SERVER_OK", "context":{"environment":"Prod_WestEurope_000l", "migrationStage":"NotStarted", "server":"GENERAL01000007"}}
{"logTime": "1006/154059", "correlationVector":"JtwWv8s61wOF8iTg2U9kx+.2","action":"Commit Response", "result":"Success", "context":Result: Success. cV=JtwWv8s61wOF8iTg2U9kx+.0;server=GENERAL01000007;cloudType=Consumer;environment=Prod_WestEurope_000l;migrationStage=NotStarted}
{"logTime": "1006/154131", "correlationVector":"u6agkGlK7UKb91MdDWBZCv","action":"Commit Request", "result":"", "context":Item count: 1
Contributing types: Sessions}
{"logTime": "1006/154131", "correlationVector":"u6agkGlK7UKb91MdDWBZCv.1","action":"SyncServerConnectionManagerRequest", "result":"SYNC_SERVER_OK", "context":{"environment":"Prod_WestEurope_000l", "migrationStage":"NotStarted", "server":"GENERAL01000010"}}
{"logTime": "1006/154131", "correlationVector":"u6agkGlK7UKb91MdDWBZCv.2","action":"Commit Response", "result":"Success", "context":Result: Success. cV=u6agkGlK7UKb91MdDWBZCv.0;server=GENERAL01000010;cloudType=Consumer;environment=Prod_WestEurope_000l;migrationStage=NotStarted}
{"logTime": "1006/154209", "correlationVector":"Aptean6f6+rRctkZFNFP27","action":"Commit Request", "result":"", "context":Item count: 1
Contributing types: Sessions}
{"logTime": "1006/154209", "correlationVector":"Aptean6f6+rRctkZFNFP27.1","action":"SyncServerConnectionManagerRequest", "result":"SYNC_SERVER_OK", "context":{"environment":"Prod_WestEurope_000l", "migrationStage":"NotStarted", "server":"GENERAL0100000D"}}
{"logTime": "1006/154209", "correlationVector":"Aptean6f6+rRctkZFNFP27.2","action":"Commit Response", "result":"Success", "context":Result: Success. cV=Aptean6f6+rRctkZFNFP27.0;server=GENERAL0100000D;cloudType=Consumer;environment=Prod_WestEurope_000l;migrationStage=NotStarted}
{"logTime": "1006/154240", "correlationVector":"HnnePpaQ/TCBWcoXo4Y5lZ","action":"Commit Request", "result":"", "context":Item count: 1
Contributing types: Sessions}
{"logTime": "1006/154240", "correlationVector":"HnnePpaQ/TCBWcoXo4Y5lZ.1","action":"SyncServerConnectionManagerRequest", "result":"SYNC_SERVER_OK", "context":{"environment":"Prod_WestEurope_000l", "migrationStage":"NotStarted", "server":"GENERAL0100001I"}}
{"logTime": "1006/154240", "correlationVector":"HnnePpaQ/TCBWcoXo4Y5lZ.2","action":"Commit Response", "result":"Success", "context":Result: Success. cV=HnnePpaQ/TCBWcoXo4Y5lZ.0;server=GENERAL0100001I;cloudType=Consumer;environment=Prod_WestEurope_000l;migrationStage=NotStarted}
{"logTime": "1006/154323", "correlationVector":"SoJtdvZd/neBuZLouyfN3J","action":"Commit Request", "result":"", "context":Item count: 1
Contributing types: Sessions}
{"logTime": "1006/154323", "correlationVector":"SoJtdvZd/neBuZLouyfN3J.1","action":"SyncServerConnectionManagerRequest", "result":"SYNC_SERVER_OK", "context":{"environment":"Prod_WestEurope_000l", "migrationStage":"NotStarted", "server":"GENERAL01000017"}}
{"logTime": "1006/154323", "correlationVector":"SoJtdvZd/neBuZLouyfN3J.2","action":"Commit Response", "result":"Success", "context":Result: Success. cV=SoJtdvZd/neBuZLouyfN3J.0;server=GENERAL01000017;cloudType=Consumer;environment=Prod_WestEurope_000l;migrationStage=NotStarted}
{"logTime": "1006/154703", "correlationVector":"9YNiiLeAXt03OJQDAVLlHa","action":"Commit Request", "result":"", "context":Item count: 1
Contributing types: Sessions}
{"logTime": "1006/154704", "correlationVector":"9YNiiLeAXt03OJQDAVLlHa.1","action":"SyncServerConnectionManagerRequest", "result":"SYNC_SERVER_OK", "context":{"environment":"Prod_WestEurope_000l", "migrationStage":"NotStarted", "server":"GENERAL01000000"}}
{"logTime": "1006/154704", "correlationVector":"9YNiiLeAXt03OJQDAVLlHa.2","action":"Commit Response", "result":"Success", "context":Result: Success. cV=9YNiiLeAXt03OJQDAVLlHa.0;server=GENERAL01000000;cloudType=Consumer;environment=Prod_WestEurope_000l;migrationStage=NotStarted}
{"logTime": "1006/154747", "correlationVector":"yXfhtcAtzGw36g5iy41vuJ","action":"Commit Request", "result":"", "context":Item count: 1
Contributing types: Sessions}
{"logTime": "1006/154747", "correlationVector":"yXfhtcAtzGw36g5iy41vuJ.1","action":"SyncServerConnectionManagerRequest", "result":"SYNC_SERVER_OK", "context":{"environment":"Prod_WestEurope_000l", "migrationStage":"NotStarted", "server":"GENERAL0100001J"}}
{"logTime": "1006/154747", "correlationVector":"yXfhtcAtzGw36g5iy41vuJ.2","action":"Commit Response", "result":"Success", "context":Result: Success. cV=yXfhtcAtzGw36g5iy41vuJ.0;server=GENERAL0100001J;cloudType=Consumer;environment=Prod_WestEurope_000l;migrationStage=NotStarted}
{"logTime": "1006/155752", "correlationVector":"Kw1gD5M9SXp+/tjiTNDt22","action":"Commit Request", "result":"", "context":Item count: 1
Contributing types: Preferences}
{"logTime": "1006/155753", "correlationVector":"Kw1gD5M9SXp+/tjiTNDt22.1","action":"SyncServerConnectionManagerRequest", "result":"SYNC_SERVER_OK", "context":{"environment":"Prod_WestEurope_000l", "migrationStage":"NotStarted", "server":"GENERAL0100000U"}}
{"logTime": "1006/155753", "correlationVector":"Kw1gD5M9SXp+/tjiTNDt22.2","action":"Commit Response", "result":"Success", "context":Result: Success. cV=Kw1gD5M9SXp+/tjiTNDt22.0;server=GENERAL0100000U;cloudType=Consumer;environment=Prod_WestEurope_000l;migrationStage=NotStarted}
{"logTime": "1006/155759", "correlationVector":"JXUMinJO8K5FWHoITGLrAG","action":"Commit Request", "result":"", "context":Item count: 3
Contributing types: Bookmarks, Sessions}
{"logTime": "1006/155800", "correlationVector":"JXUMinJO8K5FWHoITGLrAG.1","action":"SyncServerConnectionManagerRequest", "result":"SYNC_SERVER_OK", "context":{"environment":"Prod_WestEurope_000l", "migrationStage":"NotStarted", "server":"GENERAL0100001B"}}
{"logTime": "1006/155800", "correlationVector":"JXUMinJO8K5FWHoITGLrAG.2","action":"Commit Response", "result":"Success", "context":Result: Success. cV=JXUMinJO8K5FWHoITGLrAG.0;server=GENERAL0100001B;cloudType=Consumer;environment=Prod_WestEurope_000l;migrationStage=NotStarted}
{"logTime": "1006/155839", "correlationVector":"ZwgWOyvE/tduagsLj2PPUY","action":"Commit Request", "result":"", "context":Item count: 2
Contributing types: Preferences, Sessions}
{"logTime": "1006/155840", "correlationVector":"ZwgWOyvE/tduagsLj2PPUY.1","action":"SyncServerConnectionManagerRequest", "result":"SYNC_SERVER_OK", "context":{"environment":"Prod_WestEurope_000l", "migrationStage":"NotStarted", "server":"GENERAL01000016"}}
{"logTime": "1006/155840", "correlationVector":"ZwgWOyvE/tduagsLj2PPUY.2","action":"Commit Response", "result":"Success", "context":Result: Success. cV=ZwgWOyvE/tduagsLj2PPUY.0;server=GENERAL01000016;cloudType=Consumer;environment=Prod_WestEurope_000l;migrationStage=NotStarted}
{"logTime": "1006/155925", "correlationVector":"u6XaWd4OZdqn/LOFm1Z+9f","action":"Commit Request", "result":"", "context":Item count: 2
Contributing types: Sessions}
{"logTime": "1006/155925", "correlationVector":"u6XaWd4OZdqn/LOFm1Z+9f.1","action":"SyncServerConnectionManagerRequest", "result":"SYNC_SERVER_OK", "context":{"environment":"Prod_WestEurope_000l", "migrationStage":"NotStarted", "server":"GENERAL0100001C"}}
{"logTime": "1006/155925", "correlationVector":"u6XaWd4OZdqn/LOFm1Z+9f.2","action":"Commit Response", "result":"Success", "context":Result: Success. cV=u6XaWd4OZdqn/LOFm1Z+9f.0;server=GENERAL0100001C;cloudType=Consumer;environment=Prod_WestEurope_000l;migrationStage=NotStarted}
{"logTime": "1006/160012", "correlationVector":"hZIYu0c5kGfbhIFJpVGzS+","action":"Commit Request", "result":"", "context":Item count: 1
Contributing types: Sessions}
{"logTime": "1006/160013", "correlationVector":"hZIYu0c5kGfbhIFJpVGzS+.1","action":"SyncServerConnectionManagerRequest", "result":"SYNC_SERVER_OK", "context":{"environment":"Prod_WestEurope_000l", "migrationStage":"NotStarted", "server":"GENERAL0100000I"}}
{"logTime": "1006/160013", "correlationVector":"hZIYu0c5kGfbhIFJpVGzS+.2","action":"Commit Response", "result":"Success", "context":Result: Success. cV=hZIYu0c5kGfbhIFJpVGzS+.0;server=GENERAL0100000I;cloudType=Consumer;environment=Prod_WestEurope_000l;migrationStage=NotStarted}
{"logTime": "1006/160210", "correlationVector":"3eUIDIcYJDtpchiRVk/NQo","action":"Commit Request", "result":"", "context":Item count: 1
Contributing types: Sessions}
{"logTime": "1006/160210", "correlationVector":"3eUIDIcYJDtpchiRVk/NQo.1","action":"SyncServerConnectionManagerRequest", "result":"SYNC_SERVER_OK", "context":{"environment":"Prod_WestEurope_000l", "migrationStage":"NotStarted", "server":"GENERAL0100000O"}}
{"logTime": "1006/160210", "correlationVector":"3eUIDIcYJDtpchiRVk/NQo.2","action":"Commit Response", "result":"Success", "context":Result: Success. cV=3eUIDIcYJDtpchiRVk/NQo.0;server=GENERAL0100000O;cloudType=Consumer;environment=Prod_WestEurope_000l;migrationStage=NotStarted}
{"logTime": "1006/160334", "correlationVector":"w/ie7iwDZI7Hwk6j82QZDm","action":"Commit Request", "result":"", "context":Item count: 1
Contributing types: Preferences}
{"logTime": "1006/160335", "correlationVector":"w/ie7iwDZI7Hwk6j82QZDm.1","action":"SyncServerConnectionManagerRequest", "result":"SYNC_SERVER_OK", "context":{"environment":"Prod_WestEurope_000l", "migrationStage":"NotStarted", "server":"GENERAL0100001F"}}
{"logTime": "1006/160335", "correlationVector":"w/ie7iwDZI7Hwk6j82QZDm.2","action":"Commit Response", "result":"Success", "context":Result: Success. cV=w/ie7iwDZI7Hwk6j82QZDm.0;server=GENERAL0100001F;cloudType=Consumer;environment=Prod_WestEurope_000l;migrationStage=NotStarted}
{"logTime": "1006/160451", "correlationVector":"mTPYci0xQy2EAMtsDcOp8a","action":"Commit Request", "result":"", "context":Item count: 2
Contributing types: Sessions}
{"logTime": "1006/160451", "correlationVector":"mTPYci0xQy2EAMtsDcOp8a.1","action":"SyncServerConnectionManagerRequest", "result":"SYNC_SERVER_OK", "context":{"environment":"Prod_WestEurope_000l", "migrationStage":"NotStarted", "server":"GENERAL0100000D"}}
{"logTime": "1006/160451", "correlationVector":"mTPYci0xQy2EAMtsDcOp8a.2","action":"Commit Response", "result":"Success", "context":Result: Success. cV=mTPYci0xQy2EAMtsDcOp8a.0;server=GENERAL0100000D;cloudType=Consumer;environment=Prod_WestEurope_000l;migrationStage=NotStarted}
{"logTime": "1006/160532", "correlationVector":"KhXE6ZXaU/UWc3zi2aA6ps","action":"Commit Request", "result":"", "context":Item count: 1
Contributing types: Sessions}
{"logTime": "1006/160532", "correlationVector":"KhXE6ZXaU/UWc3zi2aA6ps.1","action":"SyncServerConnectionManagerRequest", "result":"SYNC_SERVER_OK", "context":{"environment":"Prod_WestEurope_000l", "migrationStage":"NotStarted", "server":"GENERAL0100001J"}}
{"logTime": "1006/160532", "correlationVector":"KhXE6ZXaU/UWc3zi2aA6ps.2","action":"Commit Response", "result":"Success", "context":Result: Success. cV=KhXE6ZXaU/UWc3zi2aA6ps.0;server=GENERAL0100001J;cloudType=Consumer;environment=Prod_WestEurope_000l;migrationStage=NotStarted}
{"logTime": "1006/161051", "correlationVector":"o1rKU+i6S+Y380MRoKKg4T","action":"Commit Request", "result":"", "context":Item count: 4
Contributing types: Sessions}
{"logTime": "1006/161052", "correlationVector":"o1rKU+i6S+Y380MRoKKg4T.1","action":"SyncServerConnectionManagerRequest", "result":"SYNC_SERVER_OK", "context":{"environment":"Prod_WestEurope_000l", "migrationStage":"NotStarted", "server":"GENERAL0100000X"}}
{"logTime": "1006/161052", "correlationVector":"o1rKU+i6S+Y380MRoKKg4T.2","action":"Commit Response", "result":"Success", "context":Result: Success. cV=o1rKU+i6S+Y380MRoKKg4T.0;server=GENERAL0100000X;cloudType=Consumer;environment=Prod_WestEurope_000l;migrationStage=NotStarted}
{"logTime": "1006/161114", "correlationVector":"RFdajfm0UoZwRKwIBfw3rw","action":"Commit Request", "result":"", "context":Item count: 3
Contributing types: Autofill, Sessions}
{"logTime": "1006/161114", "correlationVector":"RFdajfm0UoZwRKwIBfw3rw.1","action":"SyncServerConnectionManagerRequest", "result":"SYNC_SERVER_OK", "context":{"environment":"Prod_WestEurope_000l", "migrationStage":"NotStarted", "server":"GENERAL0100000K"}}
{"logTime": "1006/161114", "correlationVector":"RFdajfm0UoZwRKwIBfw3rw.2","action":"Commit Response", "result":"Success", "context":Result: Success. cV=RFdajfm0UoZwRKwIBfw3rw.0;server=GENERAL0100000K;cloudType=Consumer;environment=Prod_WestEurope_000l;migrationStage=NotStarted}
{"logTime": "1006/161144", "correlationVector":"C5Jdr3qxiFqahX4g9d7U5Q","action":"Commit Request", "result":"", "context":Item count: 1
Contributing types: Sessions}
{"logTime": "1006/161145", "correlationVector":"C5Jdr3qxiFqahX4g9d7U5Q.1","action":"SyncServerConnectionManagerRequest", "result":"SYNC_SERVER_OK", "context":{"environment":"Prod_WestEurope_000l", "migrationStage":"NotStarted", "server":"GENERAL01000018"}}
{"logTime": "1006/161145", "correlationVector":"C5Jdr3qxiFqahX4g9d7U5Q.2","action":"Commit Response", "result":"Success", "context":Result: Success. cV=C5Jdr3qxiFqahX4g9d7U5Q.0;server=GENERAL01000018;cloudType=Consumer;environment=Prod_WestEurope_000l;migrationStage=NotStarted}
{"logTime": "1006/161223", "correlationVector":"+C/lJ4D3hDKeoPBlc1EWJK","action":"Commit Request", "result":"", "context":Item count: 1
Contributing types: Sessions}
{"logTime": "1006/161223", "correlationVector":"+C/lJ4D3hDKeoPBlc1EWJK.1","action":"SyncServerConnectionManagerRequest", "result":"SYNC_SERVER_OK", "context":{"environment":"Prod_WestEurope_000l", "migrationStage":"NotStarted", "server":"GENERAL0100000I"}}
{"logTime": "1006/161223", "correlationVector":"+C/lJ4D3hDKeoPBlc1EWJK.2","action":"Commit Response", "result":"Success", "context":Result: Success. cV=+C/lJ4D3hDKeoPBlc1EWJK.0;server=GENERAL0100000I;cloudType=Consumer;environment=Prod_WestEurope_000l;migrationStage=NotStarted}
{"logTime": "1006/161812", "correlationVector":"JTGzxPMh8d9rNGWu8gARWY","action":"Commit Request", "result":"", "context":Item count: 2
Contributing types: Sessions}
{"logTime": "1006/161813", "correlationVector":"JTGzxPMh8d9rNGWu8gARWY.1","action":"SyncServerConnectionManagerRequest", "result":"SYNC_SERVER_OK", "context":{"environment":"Prod_WestEurope_000l", "migrationStage":"NotStarted", "server":"GENERAL0100000O"}}
{"logTime": "1006/161813", "correlationVector":"JTGzxPMh8d9rNGWu8gARWY.2","action":"Commit Response", "result":"Success", "context":Result: Success. cV=JTGzxPMh8d9rNGWu8gARWY.0;server=GENERAL0100000O;cloudType=Consumer;environment=Prod_WestEurope_000l;migrationStage=NotStarted}
{"logTime": "1006/161850", "correlationVector":"I8jkBvztjhnQDpKq21zU3+","action":"Commit Request", "result":"", "context":Item count: 9
Contributing types: Autofill, Sessions}
{"logTime": "1006/161851", "correlationVector":"I8jkBvztjhnQDpKq21zU3+.1","action":"SyncServerConnectionManagerRequest", "result":"SYNC_SERVER_OK", "context":{"environment":"Prod_WestEurope_000l", "migrationStage":"NotStarted", "server":"GENERAL0100001G"}}
{"logTime": "1006/161851", "correlationVector":"I8jkBvztjhnQDpKq21zU3+.2","action":"Commit Response", "result":"Success", "context":Result: Success. cV=I8jkBvztjhnQDpKq21zU3+.0;server=GENERAL0100001G;cloudType=Consumer;environment=Prod_WestEurope_000l;migrationStage=NotStarted}
{"logTime": "1006/161925", "correlationVector":"yXx9qQfN5J/B3GPz5Tf8g3","action":"Commit Request", "result":"", "context":Item count: 1
Contributing types: Sessions}
{"logTime": "1006/161926", "correlationVector":"yXx9qQfN5J/B3GPz5Tf8g3.1","action":"SyncServerConnectionManagerRequest", "result":"SYNC_SERVER_OK", "context":{"environment":"Prod_WestEurope_000l", "migrationStage":"NotStarted", "server":"GENERAL0100000O"}}
{"logTime": "1006/161926", "correlationVector":"yXx9qQfN5J/B3GPz5Tf8g3.2","action":"Commit Response", "result":"Success", "context":Result: Success. cV=yXx9qQfN5J/B3GPz5Tf8g3.0;server=GENERAL0100000O;cloudType=Consumer;environment=Prod_WestEurope_000l;migrationStage=NotStarted}
{"logTime": "1006/163015", "correlationVector":"C+lIDF+dpoIKsVmhVNwCCu","action":"Commit Request", "result":"", "context":Item count: 4
Contributing types: Preferences, Typed URLs, Sessions}
{"logTime": "1006/163016", "correlationVector":"C+lIDF+dpoIKsVmhVNwCCu.1","action":"SyncServerConnectionManagerRequest", "result":"SYNC_SERVER_OK", "context":{"environment":"Prod_WestEurope_000l", "migrationStage":"NotStarted", "server":"GENERAL01000016"}}
{"logTime": "1006/163016", "correlationVector":"C+lIDF+dpoIKsVmhVNwCCu.2","action":"Commit Response", "result":"Success", "context":Result: Success. cV=C+lIDF+dpoIKsVmhVNwCCu.0;server=GENERAL01000016;cloudType=Consumer;environment=Prod_WestEurope_000l;migrationStage=NotStarted}
{"logTime": "1006/163033", "correlationVector":"a0i1250KNeSuoGntgFOTaw","action":"Commit Request", "result":"", "context":Item count: 3
Contributing types: Autofill, Typed URLs, Sessions}
{"logTime": "1006/163034", "correlationVector":"a0i1250KNeSuoGntgFOTaw.1","action":"SyncServerConnectionManagerRequest", "result":"SYNC_SERVER_OK", "context":{"environment":"Prod_WestEurope_000l", "migrationStage":"NotStarted", "server":"GENERAL0100000V"}}
{"logTime": "1006/163034", "correlationVector":"a0i1250KNeSuoGntgFOTaw.2","action":"Commit Response", "result":"Success", "context":Result: Success. cV=a0i1250KNeSuoGntgFOTaw.0;server=GENERAL0100000V;cloudType=Consumer;environment=Prod_WestEurope_000l;migrationStage=NotStarted}
{"logTime": "1006/163504", "correlationVector":"J5kn0b7MsJJzr+Eyswq9Hv","action":"Commit Request", "result":"", "context":Item count: 4
Contributing types: Sessions}
{"logTime": "1006/163505", "correlationVector":"J5kn0b7MsJJzr+Eyswq9Hv.1","action":"SyncServerConnectionManagerRequest", "result":"SYNC_SERVER_OK", "context":{"environment":"Prod_WestEurope_000l", "migrationStage":"NotStarted", "server":"GENERAL0100000D"}}
{"logTime": "1006/163505", "correlationVector":"J5kn0b7MsJJzr+Eyswq9Hv.2","action":"Commit Response", "result":"Success", "context":Result: Success. cV=J5kn0b7MsJJzr+Eyswq9Hv.0;server=GENERAL0100000D;cloudType=Consumer;environment=Prod_WestEurope_000l;migrationStage=NotStarted}
{"logTime": "1006/163535", "correlationVector":"gHrxnVlTBggS9rmYfiXZxA","action":"Commit Request", "result":"", "context":Item count: 1
Contributing types: Sessions}
{"logTime": "1006/163536", "correlationVector":"gHrxnVlTBggS9rmYfiXZxA.1","action":"SyncServerConnectionManagerRequest", "result":"SYNC_SERVER_OK", "context":{"environment":"Prod_WestEurope_000l", "migrationStage":"NotStarted", "server":"GENERAL0100000G"}}
{"logTime": "1006/163536", "correlationVector":"gHrxnVlTBggS9rmYfiXZxA.2","action":"Commit Response", "result":"Success", "context":Result: Success. cV=gHrxnVlTBggS9rmYfiXZxA.0;server=GENERAL0100000G;cloudType=Consumer;environment=Prod_WestEurope_000l;migrationStage=NotStarted}
{"logTime": "1006/163606", "correlationVector":"vfGyxlnA2RQvwDs+Y83XG9","action":"Commit Request", "result":"", "context":Item count: 1
Contributing types: Sessions}
{"logTime": "1006/163606", "correlationVector":"vfGyxlnA2RQvwDs+Y83XG9.1","action":"SyncServerConnectionManagerRequest", "result":"SYNC_SERVER_OK", "context":{"environment":"Prod_WestEurope_000l", "migrationStage":"NotStarted", "server":"GENERAL0100000Y"}}
{"logTime": "1006/163606", "correlationVector":"vfGyxlnA2RQvwDs+Y83XG9.2","action":"Commit Response", "result":"Success", "context":Result: Success. cV=vfGyxlnA2RQvwDs+Y83XG9.0;server=GENERAL0100000Y;cloudType=Consumer;environment=Prod_WestEurope_000l;migrationStage=NotStarted}
{"logTime": "1006/163954", "correlationVector":"9R+1QWkC9ufFX4mtEvnWT5","action":"Commit Request", "result":"", "context":Item count: 1
Contributing types: Sessions}
{"logTime": "1006/163954", "correlationVector":"9R+1QWkC9ufFX4mtEvnWT5.1","action":"SyncServerConnectionManagerRequest", "result":"SYNC_SERVER_OK", "context":{"environment":"Prod_WestEurope_000l", "migrationStage":"NotStarted", "server":"GENERAL01000012"}}
{"logTime": "1006/163954", "correlationVector":"9R+1QWkC9ufFX4mtEvnWT5.2","action":"Commit Response", "result":"Success", "context":Result: Success. cV=9R+1QWkC9ufFX4mtEvnWT5.0;server=GENERAL01000012;cloudType=Consumer;environment=Prod_WestEurope_000l;migrationStage=NotStarted}
{"logTime": "1006/164029", "correlationVector":"k4XiTbYtVlDUaAGxNQ8Ls5","action":"Commit Request", "result":"", "context":Item count: 1
Contributing types: Sessions}
{"logTime": "1006/164029", "correlationVector":"k4XiTbYtVlDUaAGxNQ8Ls5.1","action":"SyncServerConnectionManagerRequest", "result":"SYNC_SERVER_OK", "context":{"environment":"Prod_WestEurope_000l", "migrationStage":"NotStarted", "server":"GENERAL0100001E"}}
{"logTime": "1006/164029", "correlationVector":"k4XiTbYtVlDUaAGxNQ8Ls5.2","action":"Commit Response", "result":"Success", "context":Result: Success. cV=k4XiTbYtVlDUaAGxNQ8Ls5.0;server=GENERAL0100001E;cloudType=Consumer;environment=Prod_WestEurope_000l;migrationStage=NotStarted}
{"logTime": "1006/164127", "correlationVector":"JQLzWYGDNnO9NGhOKU0tiB","action":"Commit Request", "result":"", "context":Item count: 1
Contributing types: Sessions}
{"logTime": "1006/164127", "correlationVector":"JQLzWYGDNnO9NGhOKU0tiB.1","action":"SyncServerConnectionManagerRequest", "result":"SYNC_SERVER_OK", "context":{"environment":"Prod_WestEurope_000l", "migrationStage":"NotStarted", "server":"GENERAL01000001"}}
{"logTime": "1006/164127", "correlationVector":"JQLzWYGDNnO9NGhOKU0tiB.2","action":"Commit Response", "result":"Success", "context":Result: Success. cV=JQLzWYGDNnO9NGhOKU0tiB.0;server=GENERAL01000001;cloudType=Consumer;environment=Prod_WestEurope_000l;migrationStage=NotStarted}
{"logTime": "1006/164136", "correlationVector":"qV3mWgNcS8xf25EUdcux3u","action":"Commit Request", "result":"", "context":Item count: 2
Contributing types: Autofill, Sessions}
{"logTime": "1006/164136", "correlationVector":"qV3mWgNcS8xf25EUdcux3u.1","action":"SyncServerConnectionManagerRequest", "result":"SYNC_SERVER_OK", "context":{"environment":"Prod_WestEurope_000l", "migrationStage":"NotStarted", "server":"GENERAL0100000M"}}
{"logTime": "1006/164136", "correlationVector":"qV3mWgNcS8xf25EUdcux3u.2","action":"Commit Response", "result":"Success", "context":Result: Success. cV=qV3mWgNcS8xf25EUdcux3u.0;server=GENERAL0100000M;cloudType=Consumer;environment=Prod_WestEurope_000l;migrationStage=NotStarted}
{"logTime": "1006/170913", "correlationVector":"eQuOXWxrsYkRRPuz4UZKgt","action":"Commit Request", "result":"", "context":Item count: 1
Contributing types: Sessions}
{"logTime": "1006/170913", "correlationVector":"eQuOXWxrsYkRRPuz4UZKgt.1","action":"SyncServerConnectionManagerRequest", "result":"SYNC_SERVER_OK", "context":{"environment":"Prod_WestEurope_000l", "migrationStage":"NotStarted", "server":"GENERAL0100001I"}}
{"logTime": "1006/170913", "correlationVector":"eQuOXWxrsYkRRPuz4UZKgt.2","action":"Commit Response", "result":"Success", "context":Result: Success. cV=eQuOXWxrsYkRRPuz4UZKgt.0;server=GENERAL0100001I;cloudType=Consumer;environment=Prod_WestEurope_000l;migrationStage=NotStarted}
{"logTime": "1006/171021", "correlationVector":"nm4Jab1tspt9OALRfvdGtV","action":"Commit Request", "result":"", "context":Item count: 1
Contributing types: Sessions}
{"logTime": "1006/171021", "correlationVector":"nm4Jab1tspt9OALRfvdGtV.1","action":"SyncServerConnectionManagerRequest", "result":"SYNC_SERVER_OK", "context":{"environment":"Prod_WestEurope_000l", "migrationStage":"NotStarted", "server":"GENERAL0100000I"}}
{"logTime": "1006/171021", "correlationVector":"nm4Jab1tspt9OALRfvdGtV.2","action":"Commit Response", "result":"Success", "context":Result: Success. cV=nm4Jab1tspt9OALRfvdGtV.0;server=GENERAL0100000I;cloudType=Consumer;environment=Prod_WestEurope_000l;migrationStage=NotStarted}
{"logTime": "1006/171103", "correlationVector":"fgej/oWk8Dt1ACO68GgE3L","action":"Commit Request", "result":"", "context":Item count: 1
Contributing types: Sessions}
{"logTime": "1006/171103", "correlationVector":"fgej/oWk8Dt1ACO68GgE3L.1","action":"SyncServerConnectionManagerRequest", "result":"SYNC_SERVER_OK", "context":{"environment":"Prod_WestEurope_000l", "migrationStage":"NotStarted", "server":"GENERAL01000012"}}
{"logTime": "1006/171103", "correlationVector":"fgej/oWk8Dt1ACO68GgE3L.2","action":"Commit Response", "result":"Success", "context":Result: Success. cV=fgej/oWk8Dt1ACO68GgE3L.0;server=GENERAL01000012;cloudType=Consumer;environment=Prod_WestEurope_000l;migrationStage=NotStarted}
{"logTime": "1006/171134", "correlationVector":"vzlsNdAjvGksFAZletGKYY","action":"Commit Request", "result":"", "context":Item count: 1
Contributing types: Sessions}
{"logTime": "1006/171135", "correlationVector":"vzlsNdAjvGksFAZletGKYY.1","action":"SyncServerConnectionManagerRequest", "result":"SYNC_SERVER_OK", "context":{"environment":"Prod_WestEurope_000l", "migrationStage":"NotStarted", "server":"GENERAL0100000U"}}
{"logTime": "1006/171135", "correlationVector":"vzlsNdAjvGksFAZletGKYY.2","action":"Commit Response", "result":"Success", "context":Result: Success. cV=vzlsNdAjvGksFAZletGKYY.0;server=GENERAL0100000U;cloudType=Consumer;environment=Prod_WestEurope_000l;migrationStage=NotStarted}
{"logTime": "1006/171217", "correlationVector":"3F3iK3qklzypAd6oxnWgxT","action":"Commit Request", "result":"", "context":Item count: 1
Contributing types: Sessions}
{"logTime": "1006/171217", "correlationVector":"3F3iK3qklzypAd6oxnWgxT.1","action":"SyncServerConnectionManagerRequest", "result":"SYNC_SERVER_OK", "context":{"environment":"Prod_WestEurope_000l", "migrationStage":"NotStarted", "server":"GENERAL01000007"}}
{"logTime": "1006/171217", "correlationVector":"3F3iK3qklzypAd6oxnWgxT.2","action":"Commit Response", "result":"Success", "context":Result: Success. cV=3F3iK3qklzypAd6oxnWgxT.0;server=GENERAL01000007;cloudType=Consumer;environment=Prod_WestEurope_000l;migrationStage=NotStarted}
{"logTime": "1006/171754", "correlationVector":"WxNhZeZpHUveJyf3H4AdY4","action":"Commit Request", "result":"", "context":Item count: 1
Contributing types: Sessions}
{"logTime": "1006/171754", "correlationVector":"WxNhZeZpHUveJyf3H4AdY4.1","action":"SyncServerConnectionManagerRequest", "result":"SYNC_SERVER_OK", "context":{"environment":"Prod_WestEurope_000l", "migrationStage":"NotStarted", "server":"GENERAL01000009"}}
{"logTime": "1006/171754", "correlationVector":"WxNhZeZpHUveJyf3H4AdY4.2","action":"Commit Response", "result":"Success", "context":Result: Success. cV=WxNhZeZpHUveJyf3H4AdY4.0;server=GENERAL01000009;cloudType=Consumer;environment=Prod_WestEurope_000l;migrationStage=NotStarted}
{"logTime": "1006/171910", "correlationVector":"zWCNNoYIoQCmP8+q9w/lRL","action":"Commit Request", "result":"", "context":Item count: 1
Contributing types: Sessions}
{"logTime": "1006/171911", "correlationVector":"zWCNNoYIoQCmP8+q9w/lRL.1","action":"SyncServerConnectionManagerRequest", "result":"SYNC_SERVER_OK", "context":{"environment":"Prod_WestEurope_000l", "migrationStage":"NotStarted", "server":"GENERAL0100001F"}}
{"logTime": "1006/171911", "correlationVector":"zWCNNoYIoQCmP8+q9w/lRL.2","action":"Commit Response", "result":"Success", "context":Result: Success. cV=zWCNNoYIoQCmP8+q9w/lRL.0;server=GENERAL0100001F;cloudType=Consumer;environment=Prod_WestEurope_000l;migrationStage=NotStarted}
{"logTime": "1006/171945", "correlationVector":"q3TI/1kd71pWRuD1uAqBBe","action":"Commit Request", "result":"", "context":Item count: 1
Contributing types: Sessions}
{"logTime": "1006/171945", "correlationVector":"q3TI/1kd71pWRuD1uAqBBe.1","action":"SyncServerConnectionManagerRequest", "result":"SYNC_SERVER_OK", "context":{"environment":"Prod_WestEurope_000l", "migrationStage":"NotStarted", "server":"GENERAL01000007"}}
{"logTime": "1006/171945", "correlationVector":"q3TI/1kd71pWRuD1uAqBBe.2","action":"Commit Response", "result":"Success", "context":Result: Success. cV=q3TI/1kd71pWRuD1uAqBBe.0;server=GENERAL01000007;cloudType=Consumer;environment=Prod_WestEurope_000l;migrationStage=NotStarted}
{"logTime": "1007/072957", "correlationVector":"pUIZV5X7rbMJ/iagteoIMt","action":"Normal GetUpdate request", "result":"", "context":cV=pUIZV5X7rbMJ/iagteoIMt
Nudged types: Preferences, Sessions
Refresh requested types: Bookmarks, Preferences, Passwords, Autofill Profiles, Autofill, Typed URLs, Extensions, Sessions, Extension settings, History Delete Directives, Device Info, User Consents, Send Tab To Self, Web Apps, Collection, Edge E Drop, Edge Hub App Usage, Edge Tab Group, Edge Wallet, Encryption Keys}
{"logTime": "1007/072958", "correlationVector":"pUIZV5X7rbMJ/iagteoIMt.1","action":"SyncServerConnectionManagerRequest", "result":"SYNC_SERVER_OK", "context":{"environment":"Prod_WestEurope_x00e", "migrationStage":"NotStarted", "server":"GENERAL01000015"}}
{"logTime": "1007/072958", "correlationVector":"pUIZV5X7rbMJ/iagteoIMt.2","action":"GetUpdates", "result":"DeleteReceived", "context":{"id":"593e8551-f9bb-4aa8-b9a9-61a1d3f2863e", "isDeleted:":"true", "version":"1728235370307"}}
{"logTime": "1007/072958", "correlationVector":"pUIZV5X7rbMJ/iagteoIMt.3","action":"GetUpdates", "result":"DeleteReceived", "context":{"id":"fc7b3b47-0c61-4f05-b1de-bd8bae8837b1", "isDeleted:":"true", "version":"1728236034959"}}
{"logTime": "1007/072958", "correlationVector":"pUIZV5X7rbMJ/iagteoIMt.4","action":"GetUpdates Response", "result":"Success", "context":Received 37 update(s). cV=pUIZV5X7rbMJ/iagteoIMt.0;server=GENERAL01000015;cloudType=Consumer;environment=Prod_WestEurope_x00e;migrationStage=NotStarted}
{"logTime": "1007/072959", "correlationVector":"x6+sG/W0Eivg51c96lYvc+","action":"Commit Request", "result":"", "context":Item count: 12
Contributing types: Sessions}
{"logTime": "1007/073000", "correlationVector":"x6+sG/W0Eivg51c96lYvc+.1","action":"SyncServerConnectionManagerRequest", "result":"SYNC_SERVER_OK", "context":{"environment":"Prod_WestEurope_x00e", "migrationStage":"NotStarted", "server":"GENERAL0200001X"}}
{"logTime": "1007/073000", "correlationVector":"x6+sG/W0Eivg51c96lYvc+.3","action":"Commit.Sessions", "result":"Success", "context":{"id":"2b88e468-069f-4a7a-8edb-1f54b0da1a16", "isDeleted":"true", "size":"0", "version":"1728232505124"}}
{"logTime": "1007/073000", "correlationVector":"x6+sG/W0Eivg51c96lYvc+.2","action":"Commit Response", "result":"Success", "context":Result: Success. cV=x6+sG/W0Eivg51c96lYvc+.0;server=GENERAL0200001X;cloudType=Consumer;environment=Prod_WestEurope_x00e;migrationStage=NotStarted}
{"logTime": "1007/073000", "correlationVector":"x6+sG/W0Eivg51c96lYvc+.4","action":"Commit.Sessions", "result":"Success", "context":{"id":"d3acb82d-3d94-4648-9a93-c14a12e39d3d", "isDeleted":"true", "size":"0", "version":"1728231051921"}}
{"logTime": "1007/073000", "correlationVector":"x6+sG/W0Eivg51c96lYvc+.5","action":"Commit.Sessions", "result":"Success", "context":{"id":"a6f4b4c9-5d43-421a-b58d-05c42c9043de", "isDeleted":"true", "size":"0", "version":"1728226273678"}}
{"logTime": "1007/073000", "correlationVector":"x6+sG/W0Eivg51c96lYvc+.6","action":"Commit.Sessions", "result":"Success", "context":{"id":"8fdf74a6-d4f8-4043-bcbe-eff9b77fb045", "isDeleted":"true", "size":"0", "version":"1728226738038"}}
{"logTime": "1007/073000", "correlationVector":"x6+sG/W0Eivg51c96lYvc+.7","action":"Commit.Sessions", "result":"Success", "context":{"id":"3f0efb38-4210-41b8-9fe1-7cfd72a249a9", "isDeleted":"true", "size":"0", "version":"1728235185577"}}
{"logTime": "1007/073000", "correlationVector":"x6+sG/W0Eivg51c96lYvc+.8","action":"Commit.Sessions", "result":"Success", "context":{"id":"a563386b-16ef-4fe5-95e0-a675895a128e", "isDeleted":"true", "size":"0", "version":"1728231051923"}}
{"logTime": "1007/073000", "correlationVector":"x6+sG/W0Eivg51c96lYvc+.9","action":"Commit.Sessions", "result":"Success", "context":{"id":"406f73c6-60b0-40c6-b687-db7f490a026a", "isDeleted":"true", "size":"0", "version":"1728225935700"}}
{"logTime": "1007/073000", "correlationVector":"x6+sG/W0Eivg51c96lYvc+.10","action":"Commit.Sessions", "result":"Success", "context":{"id":"196f5671-59c8-4e73-a6c2-836b5f91b5ab", "isDeleted":"true", "size":"0", "version":"1728232505126"}}
{"logTime": "1007/073000", "correlationVector":"x6+sG/W0Eivg51c96lYvc+.11","action":"Commit.Sessions", "result":"Success", "context":{"id":"5a314dde-d459-40ca-ace2-92d4019c1142", "isDeleted":"true", "size":"0", "version":"1728232505127"}}
{"logTime": "1007/073000", "correlationVector":"x6+sG/W0Eivg51c96lYvc+.12","action":"Commit.Sessions", "result":"Success", "context":{"id":"d44453aa-5457-46fc-85c7-4e442154bcef", "isDeleted":"true", "size":"0", "version":"1728232234069"}}
{"logTime": "1007/073000", "correlationVector":"x6+sG/W0Eivg51c96lYvc+.13","action":"Commit.Sessions", "result":"Success", "context":{"id":"fb60cdce-c671-42e6-9ad3-8b878062810e", "isDeleted":"true", "size":"0", "version":"1728230530644"}}
{"logTime": "1007/073000", "correlationVector":"t3YiOMtUQxlfJHGSbmumVC","action":"Poll GetUpdate request", "result":"", "context":cV=t3YiOMtUQxlfJHGSbmumVC}
{"logTime": "1007/073001", "correlationVector":"t3YiOMtUQxlfJHGSbmumVC.1","action":"SyncServerConnectionManagerRequest", "result":"SYNC_SERVER_OK", "context":{"environment":"Prod_WestEurope_x00e", "migrationStage":"NotStarted", "server":"GENERAL01000029"}}
{"logTime": "1007/073001", "correlationVector":"t3YiOMtUQxlfJHGSbmumVC.2","action":"GetUpdates", "result":"DeleteReceived", "context":{"id":"2b88e468-069f-4a7a-8edb-1f54b0da1a16", "isDeleted:":"true", "version":"1728286199584"}}
{"logTime": "1007/073001", "correlationVector":"t3YiOMtUQxlfJHGSbmumVC.3","action":"GetUpdates", "result":"DeleteReceived", "context":{"id":"d3acb82d-3d94-4648-9a93-c14a12e39d3d", "isDeleted:":"true", "version":"1728286199585"}}
{"logTime": "1007/073001", "correlationVector":"t3YiOMtUQxlfJHGSbmumVC.4","action":"GetUpdates", "result":"DeleteReceived", "context":{"id":"a6f4b4c9-5d43-421a-b58d-05c42c9043de", "isDeleted:":"true", "version":"1728286199586"}}
{"logTime": "1007/073001", "correlationVector":"t3YiOMtUQxlfJHGSbmumVC.5","action":"GetUpdates", "result":"DeleteReceived", "context":{"id":"8fdf74a6-d4f8-4043-bcbe-eff9b77fb045", "isDeleted:":"true", "version":"1728286199587"}}
{"logTime": "1007/073001", "correlationVector":"t3YiOMtUQxlfJHGSbmumVC.6","action":"GetUpdates", "result":"DeleteReceived", "context":{"id":"3f0efb38-4210-41b8-9fe1-7cfd72a249a9", "isDeleted:":"true", "version":"1728286199588"}}
{"logTime": "1007/073001", "correlationVector":"t3YiOMtUQxlfJHGSbmumVC.7","action":"GetUpdates", "result":"DeleteReceived", "context":{"id":"a563386b-16ef-4fe5-95e0-a675895a128e", "isDeleted:":"true", "version":"1728286199589"}}
{"logTime": "1007/073001", "correlationVector":"t3YiOMtUQxlfJHGSbmumVC.8","action":"GetUpdates", "result":"DeleteReceived", "context":{"id":"406f73c6-60b0-40c6-b687-db7f490a026a", "isDeleted:":"true", "version":"1728286199590"}}
{"logTime": "1007/073001", "correlationVector":"t3YiOMtUQxlfJHGSbmumVC.9","action":"GetUpdates", "result":"DeleteReceived", "context":{"id":"196f5671-59c8-4e73-a6c2-836b5f91b5ab", "isDeleted:":"true", "version":"1728286199591"}}
{"logTime": "1007/073001", "correlationVector":"t3YiOMtUQxlfJHGSbmumVC.10","action":"GetUpdates", "result":"DeleteReceived", "context":{"id":"5a314dde-d459-40ca-ace2-92d4019c1142", "isDeleted:":"true", "version":"1728286199592"}}
{"logTime": "1007/073001", "correlationVector":"t3YiOMtUQxlfJHGSbmumVC.11","action":"GetUpdates", "result":"DeleteReceived", "context":{"id":"d44453aa-5457-46fc-85c7-4e442154bcef", "isDeleted:":"true", "version":"1728286199593"}}
{"logTime": "1007/073001", "correlationVector":"t3YiOMtUQxlfJHGSbmumVC.12","action":"GetUpdates", "result":"DeleteReceived", "context":{"id":"fb60cdce-c671-42e6-9ad3-8b878062810e", "isDeleted:":"true", "version":"1728286199594"}}
{"logTime": "1007/073001", "correlationVector":"t3YiOMtUQxlfJHGSbmumVC.13","action":"GetUpdates Response", "result":"Success", "context":Received 12 update(s). cV=t3YiOMtUQxlfJHGSbmumVC.0;server=GENERAL01000029;cloudType=Consumer;environment=Prod_WestEurope_x00e;migrationStage=NotStarted}
{"logTime": "1007/073001", "correlationVector":"P+yu1bhTgQCCI66nk89aEE","action":"DoCompareDataConsistency requsted types: ", "result":"Bookmarks, Preferences, Passwords, Typed URLs, Extensions, Extension settings, History Delete Directives, Send Tab To Self, Web Apps, Collection, Edge E Drop, Edge Tab Group, Edge Wallet, Encryption Keys"}
{"logTime": "1007/073001", "correlationVector":"P+yu1bhTgQCCI66nk89aEE.0","action":"CompareDataConsistency result: ", "result":"Compare result: Encryption Keys is consistent. local entities count is: 1 local entities hash is: 6AFn/aY5HIS7I8xSyNOueB0XzNE="}
{"logTime": "1007/073001", "correlationVector":"P+yu1bhTgQCCI66nk89aEE.1","action":"CompareDataConsistency result: ", "result":"Compare result: Bookmarks is consistent. local entities count is: 18 local entities hash is: arTfYv9YWx5a9WpvFNjACRJO7C0="}
{"logTime": "1007/073001", "correlationVector":"P+yu1bhTgQCCI66nk89aEE.2","action":"CompareDataConsistency result: ", "result":"Compare result: Preferences is consistent. local entities count is: 59 local entities hash is: sIdgcjn862Az/6sQ68iR3SVqqi4="}
{"logTime": "1007/073001", "correlationVector":"P+yu1bhTgQCCI66nk89aEE.3","action":"CompareDataConsistency result: ", "result":"Compare result: Passwords is consistent. local entities count is: 102 local entities hash is: OzRZ1xkkK5qlDb0JWM98M8APx8s="}
{"logTime": "1007/073001", "correlationVector":"P+yu1bhTgQCCI66nk89aEE.4","action":"CompareDataConsistency result: ", "result":"Server did not send this Typed URLs local entities count is: 44 local entities hash is: as8GT/TlhBkyQv8AAxSszg9ZuhU="}
{"logTime": "1007/073001", "correlationVector":"P+yu1bhTgQCCI66nk89aEE.5","action":"CompareDataConsistency result: ", "result":"Compare result: Extensions is consistent. local entities count is: 3 local entities hash is: yAiEjLuiM2s7qEPy778qunpzXcg="}
{"logTime": "1007/073001", "correlationVector":"P+yu1bhTgQCCI66nk89aEE.6","action":"CompareDataConsistency result: ", "result":"Compare result: Extension settings is consistent. local entities count is: 23 local entities hash is: +EEfWD/1HGtr48jNif3Ld1ZEORE="}
{"logTime": "1007/073001", "correlationVector":"P+yu1bhTgQCCI66nk89aEE.7","action":"CompareDataConsistency result: ", "result":"Compare result: History Delete Directives is consistent. local entities count is: 0 local entities hash is: "}
{"logTime": "1007/073001", "correlationVector":"P+yu1bhTgQCCI66nk89aEE.8","action":"CompareDataConsistency result: ", "result":"Server did not send this Send Tab To Self local entities count is: 0 local entities hash is: "}
{"logTime": "1007/073001", "correlationVector":"P+yu1bhTgQCCI66nk89aEE.9","action":"CompareDataConsistency result: ", "result":"Compare result: Web Apps is consistent. local entities count is: 3 local entities hash is: 6//KjKWBHC41RLeWSokVSAWakFQ="}
{"logTime": "1007/073001", "correlationVector":"P+yu1bhTgQCCI66nk89aEE.10","action":"CompareDataConsistency result: ", "result":"Compare result: Collection is consistent. local entities count is: 0 local entities hash is: "}
{"logTime": "1007/073001", "correlationVector":"P+yu1bhTgQCCI66nk89aEE.11","action":"CompareDataConsistency result: ", "result":"Compare result: Edge E Drop is consistent. local entities count is: 0 local entities hash is: "}
{"logTime": "1007/073001", "correlationVector":"P+yu1bhTgQCCI66nk89aEE.12","action":"CompareDataConsistency result: ", "result":"Compare result: Edge Tab Group is consistent. local entities count is: 0 local entities hash is: "}
{"logTime": "1007/073001", "correlationVector":"P+yu1bhTgQCCI66nk89aEE.13","action":"CompareDataConsistency result: ", "result":"Compare result: Edge Wallet is consistent. local entities count is: 0 local entities hash is: "}
{"logTime": "1007/073001", "correlationVector":"","action":"DIAGNOSTIC_REQUEST|v1/diagnosticData/Diagnostic.SendCheckResult()|SUCCESS", "result":""}
{"logTime": "1007/073030", "correlationVector":"5YH7yjBfABKNsWhkDx0ZAt","action":"Commit Request", "result":"", "context":Item count: 2
Contributing types: Sessions}
{"logTime": "1007/073030", "correlationVector":"5YH7yjBfABKNsWhkDx0ZAt.1","action":"SyncServerConnectionManagerRequest", "result":"SYNC_SERVER_OK", "context":{"environment":"Prod_WestEurope_000l", "migrationStage":"NotStarted", "server":"GENERAL0100001E"}}
{"logTime": "1007/073030", "correlationVector":"5YH7yjBfABKNsWhkDx0ZAt.2","action":"Commit Response", "result":"Success", "context":Result: Success. cV=5YH7yjBfABKNsWhkDx0ZAt.0;server=GENERAL0100001E;cloudType=Consumer;environment=Prod_WestEurope_000l;migrationStage=NotStarted}
{"logTime": "1007/073052", "correlationVector":"C4kBoI5k3dOcoa2G/FY9E6","action":"Commit Request", "result":"", "context":Item count: 3
Contributing types: Preferences, Sessions}
{"logTime": "1007/073052", "correlationVector":"C4kBoI5k3dOcoa2G/FY9E6.1","action":"SyncServerConnectionManagerRequest", "result":"SYNC_SERVER_OK", "context":{"environment":"Prod_WestEurope_x00e", "migrationStage":"NotStarted", "server":"GENERAL0100001F"}}
{"logTime": "1007/073052", "correlationVector":"C4kBoI5k3dOcoa2G/FY9E6.3","action":"Commit.Sessions", "result":"Success", "context":{"id":"fdd8dc35-409d-4700-bd67-8613fbd9ed19", "isDeleted":"true", "size":"0", "version":"1728286230340"}}
{"logTime": "1007/073052", "correlationVector":"C4kBoI5k3dOcoa2G/FY9E6.2","action":"Commit Response", "result":"Success", "context":Result: Success. cV=C4kBoI5k3dOcoa2G/FY9E6.0;server=GENERAL0100001F;cloudType=Consumer;environment=Prod_WestEurope_x00e;migrationStage=NotStarted}
{"logTime": "1007/073122", "correlationVector":"UvXLJHuWgZUoV3E4OkmHYr","action":"Commit Request", "result":"", "context":Item count: 2
Contributing types: Sessions}
{"logTime": "1007/073123", "correlationVector":"UvXLJHuWgZUoV3E4OkmHYr.1","action":"SyncServerConnectionManagerRequest", "result":"SYNC_SERVER_OK", "context":{"environment":"Prod_WestEurope_x00e", "migrationStage":"NotStarted", "server":"GENERAL0100001E"}}
{"logTime": "1007/073123", "correlationVector":"UvXLJHuWgZUoV3E4OkmHYr.2","action":"Commit Response", "result":"Success", "context":Result: Success. cV=UvXLJHuWgZUoV3E4OkmHYr.0;server=GENERAL0100001E;cloudType=Consumer;environment=Prod_WestEurope_x00e;migrationStage=NotStarted}
{"logTime": "1007/073153", "correlationVector":"ke2d5fw42EWX7CoKWp4LiO","action":"Commit Request", "result":"", "context":Item count: 1
Contributing types: Sessions}
{"logTime": "1007/073154", "correlationVector":"ke2d5fw42EWX7CoKWp4LiO.1","action":"SyncServerConnectionManagerRequest", "result":"SYNC_SERVER_OK", "context":{"environment":"Prod_WestEurope_000l", "migrationStage":"NotStarted", "server":"GENERAL0100000B"}}
{"logTime": "1007/073154", "correlationVector":"ke2d5fw42EWX7CoKWp4LiO.2","action":"Commit Response", "result":"Success", "context":Result: Success. cV=ke2d5fw42EWX7CoKWp4LiO.0;server=GENERAL0100000B;cloudType=Consumer;environment=Prod_WestEurope_000l;migrationStage=NotStarted}
{"logTime": "1007/073221", "correlationVector":"bklXwcgT3rTnHVUmWLnpQS","action":"Commit Request", "result":"", "context":Item count: 2
Contributing types: Preferences, Sessions}
{"logTime": "1007/073222", "correlationVector":"bklXwcgT3rTnHVUmWLnpQS.1","action":"SyncServerConnectionManagerRequest", "result":"SYNC_SERVER_OK", "context":{"environment":"Prod_WestEurope_000l", "migrationStage":"NotStarted", "server":"GENERAL0100001C"}}
{"logTime": "1007/073222", "correlationVector":"bklXwcgT3rTnHVUmWLnpQS.2","action":"Commit Response", "result":"Success", "context":Result: Success. cV=bklXwcgT3rTnHVUmWLnpQS.0;server=GENERAL0100001C;cloudType=Consumer;environment=Prod_WestEurope_000l;migrationStage=NotStarted}
{"logTime": "1007/073252", "correlationVector":"ne/kQsjS5Oyp/FWI6giqEV","action":"Commit Request", "result":"", "context":Item count: 3
Contributing types: Sessions}
{"logTime": "1007/073252", "correlationVector":"ne/kQsjS5Oyp/FWI6giqEV.1","action":"SyncServerConnectionManagerRequest", "result":"SYNC_SERVER_OK", "context":{"environment":"Prod_WestEurope_000l", "migrationStage":"NotStarted", "server":"GENERAL0100000R"}}
{"logTime": "1007/073252", "correlationVector":"ne/kQsjS5Oyp/FWI6giqEV.2","action":"Commit Response", "result":"Success", "context":Result: Success. cV=ne/kQsjS5Oyp/FWI6giqEV.0;server=GENERAL0100000R;cloudType=Consumer;environment=Prod_WestEurope_000l;migrationStage=NotStarted}
{"logTime": "1007/073326", "correlationVector":"ILFLfBJxpgX3djt/PLj6vZ","action":"Commit Request", "result":"", "context":Item count: 1
Contributing types: Sessions}
{"logTime": "1007/073326", "correlationVector":"ILFLfBJxpgX3djt/PLj6vZ.1","action":"SyncServerConnectionManagerRequest", "result":"SYNC_SERVER_OK", "context":{"environment":"Prod_WestEurope_000l", "migrationStage":"NotStarted", "server":"GENERAL01000001"}}
{"logTime": "1007/073326", "correlationVector":"ILFLfBJxpgX3djt/PLj6vZ.2","action":"Commit Response", "result":"Success", "context":Result: Success. cV=ILFLfBJxpgX3djt/PLj6vZ.0;server=GENERAL01000001;cloudType=Consumer;environment=Prod_WestEurope_000l;migrationStage=NotStarted}
{"logTime": "1007/073404", "correlationVector":"bwti1qF7ChVix9AuKe3Gwn","action":"Commit Request", "result":"", "context":Item count: 1
Contributing types: Sessions}
{"logTime": "1007/073404", "correlationVector":"bwti1qF7ChVix9AuKe3Gwn.1","action":"SyncServerConnectionManagerRequest", "result":"SYNC_SERVER_OK", "context":{"environment":"Prod_WestEurope_x00e", "migrationStage":"NotStarted", "server":"GENERAL0100001C"}}
{"logTime": "1007/073404", "correlationVector":"bwti1qF7ChVix9AuKe3Gwn.2","action":"Commit Response", "result":"Success", "context":Result: Success. cV=bwti1qF7ChVix9AuKe3Gwn.0;server=GENERAL0100001C;cloudType=Consumer;environment=Prod_WestEurope_x00e;migrationStage=NotStarted}
{"logTime": "1007/073434", "correlationVector":"MtwIGhZZW7RgO7X23IzO7a","action":"Commit Request", "result":"", "context":Item count: 1
Contributing types: Sessions}
{"logTime": "1007/073435", "correlationVector":"MtwIGhZZW7RgO7X23IzO7a.1","action":"SyncServerConnectionManagerRequest", "result":"SYNC_SERVER_OK", "context":{"environment":"Prod_NorthEurope_000h", "migrationStage":"NotStarted", "server":"GENERAL0100001R"}}
{"logTime": "1007/073435", "correlationVector":"MtwIGhZZW7RgO7X23IzO7a.2","action":"Commit Response", "result":"Success", "context":Result: Success. cV=MtwIGhZZW7RgO7X23IzO7a.0;server=GENERAL0100001R;cloudType=Consumer;environment=Prod_NorthEurope_000h;migrationStage=NotStarted}
{"logTime": "1007/073458", "correlationVector":"6jIBfRwCWtKskiv5/C8Bmz","action":"Normal GetUpdate request", "result":"", "context":cV=6jIBfRwCWtKskiv5/C8Bmz
Nudged types: Sessions
Refresh requested types: Bookmarks, Preferences, Passwords, Autofill Profiles, Autofill, Typed URLs, Extensions, Sessions, Extension settings, History Delete Directives, Device Info, User Consents, Send Tab To Self, Web Apps, Collection, Edge E Drop, Edge Hub App Usage, Edge Tab Group, Edge Wallet, Encryption Keys}
{"logTime": "1007/073458", "correlationVector":"6jIBfRwCWtKskiv5/C8Bmz.1","action":"SyncServerConnectionManagerRequest", "result":"SYNC_SERVER_OK", "context":{"environment":"Prod_WestEurope_000l", "migrationStage":"NotStarted", "server":"GENERAL01000017"}}
{"logTime": "1007/073458", "correlationVector":"6jIBfRwCWtKskiv5/C8Bmz.2","action":"GetUpdates Response", "result":"Success", "context":Received 4 update(s). cV=6jIBfRwCWtKskiv5/C8Bmz.0;server=GENERAL01000017;cloudType=Consumer;environment=Prod_WestEurope_000l;migrationStage=NotStarted}
{"logTime": "1007/073458", "correlationVector":"wr78u7+8uigLycBcceMyx3","action":"Commit Request", "result":"", "context":Item count: 1
Contributing types: Sessions}
{"logTime": "1007/073459", "correlationVector":"wr78u7+8uigLycBcceMyx3.1","action":"SyncServerConnectionManagerRequest", "result":"SYNC_SERVER_OK", "context":{"environment":"Prod_WestEurope_x00e", "migrationStage":"NotStarted", "server":"GENERAL0100002R"}}
{"logTime": "1007/073459", "correlationVector":"wr78u7+8uigLycBcceMyx3.2","action":"Commit Response", "result":"Success", "context":Result: Success. cV=wr78u7+8uigLycBcceMyx3.0;server=GENERAL0100002R;cloudType=Consumer;environment=Prod_WestEurope_x00e;migrationStage=NotStarted}
{"logTime": "1007/073529", "correlationVector":"SJyMgO8Lf+VEYMyARXMJzT","action":"Commit Request", "result":"", "context":Item count: 1
Contributing types: Sessions}
{"logTime": "1007/073529", "correlationVector":"SJyMgO8Lf+VEYMyARXMJzT.1","action":"SyncServerConnectionManagerRequest", "result":"SYNC_SERVER_OK", "context":{"environment":"Prod_WestEurope_000l", "migrationStage":"NotStarted", "server":"GENERAL01000016"}}
{"logTime": "1007/073529", "correlationVector":"SJyMgO8Lf+VEYMyARXMJzT.2","action":"Commit Response", "result":"Success", "context":Result: Success. cV=SJyMgO8Lf+VEYMyARXMJzT.0;server=GENERAL01000016;cloudType=Consumer;environment=Prod_WestEurope_000l;migrationStage=NotStarted}
{"logTime": "1007/073605", "correlationVector":"IqVQRXXrPuOPwEuInvjprT","action":"Commit Request", "result":"", "context":Item count: 1
Contributing types: Sessions}
{"logTime": "1007/073605", "correlationVector":"IqVQRXXrPuOPwEuInvjprT.1","action":"SyncServerConnectionManagerRequest", "result":"SYNC_SERVER_OK", "context":{"environment":"Prod_WestEurope_000l", "migrationStage":"NotStarted", "server":"GENERAL0100000F"}}
{"logTime": "1007/073605", "correlationVector":"IqVQRXXrPuOPwEuInvjprT.2","action":"Commit Response", "result":"Success", "context":Result: Success. cV=IqVQRXXrPuOPwEuInvjprT.0;server=GENERAL0100000F;cloudType=Consumer;environment=Prod_WestEurope_000l;migrationStage=NotStarted}
{"logTime": "1007/073635", "correlationVector":"8uDbQ31pMSnwxg5KoYFOQ3","action":"Commit Request", "result":"", "context":Item count: 1
Contributing types: Sessions}
{"logTime": "1007/073636", "correlationVector":"8uDbQ31pMSnwxg5KoYFOQ3.1","action":"SyncServerConnectionManagerRequest", "result":"SYNC_SERVER_OK", "context":{"environment":"Prod_WestEurope_000l", "migrationStage":"NotStarted", "server":"GENERAL0100000H"}}
{"logTime": "1007/073636", "correlationVector":"8uDbQ31pMSnwxg5KoYFOQ3.2","action":"Commit Response", "result":"Success", "context":Result: Success. cV=8uDbQ31pMSnwxg5KoYFOQ3.0;server=GENERAL0100000H;cloudType=Consumer;environment=Prod_WestEurope_000l;migrationStage=NotStarted}
{"logTime": "1007/073728", "correlationVector":"FmVIqHieFv4UgE3S4gDNps","action":"Commit Request", "result":"", "context":Item count: 1
Contributing types: Preferences}
{"logTime": "1007/073728", "correlationVector":"FmVIqHieFv4UgE3S4gDNps.1","action":"SyncServerConnectionManagerRequest", "result":"SYNC_SERVER_OK", "context":{"environment":"Prod_WestEurope_000l", "migrationStage":"NotStarted", "server":"GENERAL0100001K"}}
{"logTime": "1007/073728", "correlationVector":"FmVIqHieFv4UgE3S4gDNps.2","action":"Commit Response", "result":"Success", "context":Result: Success. cV=FmVIqHieFv4UgE3S4gDNps.0;server=GENERAL0100001K;cloudType=Consumer;environment=Prod_WestEurope_000l;migrationStage=NotStarted}
{"logTime": "1007/073810", "correlationVector":"OfdADIZAfolmD8YQpDPOjc","action":"Commit Request", "result":"", "context":Item count: 3
Contributing types: Sessions}
{"logTime": "1007/073810", "correlationVector":"OfdADIZAfolmD8YQpDPOjc.1","action":"SyncServerConnectionManagerRequest", "result":"SYNC_SERVER_OK", "context":{"environment":"Prod_WestEurope_000l", "migrationStage":"NotStarted", "server":"GENERAL01000016"}}
{"logTime": "1007/073810", "correlationVector":"OfdADIZAfolmD8YQpDPOjc.2","action":"Commit Response", "result":"Success", "context":Result: Success. cV=OfdADIZAfolmD8YQpDPOjc.0;server=GENERAL01000016;cloudType=Consumer;environment=Prod_WestEurope_000l;migrationStage=NotStarted}
{"logTime": "1007/073855", "correlationVector":"u/LlU0xbY6MTIcGGuEBeJm","action":"Commit Request", "result":"", "context":Item count: 2
Contributing types: Autofill, Sessions}
{"logTime": "1007/073856", "correlationVector":"u/LlU0xbY6MTIcGGuEBeJm.1","action":"SyncServerConnectionManagerRequest", "result":"SYNC_SERVER_OK", "context":{"environment":"Prod_WestEurope_000l", "migrationStage":"NotStarted", "server":"GENERAL01000019"}}
{"logTime": "1007/073856", "correlationVector":"u/LlU0xbY6MTIcGGuEBeJm.2","action":"Commit Response", "result":"Success", "context":Result: Success. cV=u/LlU0xbY6MTIcGGuEBeJm.0;server=GENERAL01000019;cloudType=Consumer;environment=Prod_WestEurope_000l;migrationStage=NotStarted}
{"logTime": "1007/073908", "correlationVector":"RFHUqpWY4j2a2r6L5431U2","action":"Commit Request", "result":"", "context":Item count: 2
Contributing types: Passwords, Sessions}
{"logTime": "1007/073909", "correlationVector":"RFHUqpWY4j2a2r6L5431U2.1","action":"SyncServerConnectionManagerRequest", "result":"SYNC_SERVER_OK", "context":{"environment":"Prod_WestEurope_000l", "migrationStage":"NotStarted", "server":"GENERAL01000017"}}
{"logTime": "1007/073909", "correlationVector":"RFHUqpWY4j2a2r6L5431U2.2","action":"Commit Response", "result":"Success", "context":Result: Success. cV=RFHUqpWY4j2a2r6L5431U2.0;server=GENERAL01000017;cloudType=Consumer;environment=Prod_WestEurope_000l;migrationStage=NotStarted}
{"logTime": "1007/074001", "correlationVector":"oFHLaCRuotERRJGm7+Dny8","action":"Commit Request", "result":"", "context":Item count: 1
Contributing types: Sessions}
{"logTime": "1007/074001", "correlationVector":"oFHLaCRuotERRJGm7+Dny8.1","action":"SyncServerConnectionManagerRequest", "result":"SYNC_SERVER_OK", "context":{"environment":"Prod_WestEurope_x00e", "migrationStage":"NotStarted", "server":"GENERAL01000014"}}
{"logTime": "1007/074001", "correlationVector":"oFHLaCRuotERRJGm7+Dny8.2","action":"Commit Response", "result":"Success", "context":Result: Success. cV=oFHLaCRuotERRJGm7+Dny8.0;server=GENERAL01000014;cloudType=Consumer;environment=Prod_WestEurope_x00e;migrationStage=NotStarted}
{"logTime": "1007/074042", "correlationVector":"iDy4SpCvJicPyoQjRjorTK","action":"Commit Request", "result":"", "context":Item count: 2
Contributing types: Autofill, Sessions}
{"logTime": "1007/074053", "correlationVector":"iDy4SpCvJicPyoQjRjorTK.1","action":"SyncServerConnectionManagerRequest", "result":"SYNC_SERVER_OK", "context":{"environment":"Prod_WestEurope_000l", "migrationStage":"NotStarted", "server":"GENERAL01000011"}}
{"logTime": "1007/074053", "correlationVector":"iDy4SpCvJicPyoQjRjorTK.2","action":"Commit Response", "result":"Success", "context":Result: Success. cV=iDy4SpCvJicPyoQjRjorTK.0;server=GENERAL01000011;cloudType=Consumer;environment=Prod_WestEurope_000l;migrationStage=NotStarted}
{"logTime": "1007/074123", "correlationVector":"SXiQ7VL1yH11As4Jx2Itxa","action":"Commit Request", "result":"", "context":Item count: 1
Contributing types: Sessions}
{"logTime": "1007/074123", "correlationVector":"SXiQ7VL1yH11As4Jx2Itxa.1","action":"SyncServerConnectionManagerRequest", "result":"SYNC_SERVER_OK", "context":{"environment":"Prod_WestEurope_000l", "migrationStage":"NotStarted", "server":"GENERAL0100001F"}}
{"logTime": "1007/074123", "correlationVector":"SXiQ7VL1yH11As4Jx2Itxa.2","action":"Commit Response", "result":"Success", "context":Result: Success. cV=SXiQ7VL1yH11As4Jx2Itxa.0;server=GENERAL0100001F;cloudType=Consumer;environment=Prod_WestEurope_000l;migrationStage=NotStarted}
